2022-01-25 18:49:18:INFO:-------------Round number: 0-------------
2022-01-25 18:49:18:INFO:-------------Sending models-------------
2022-01-25 18:49:18:INFO:-------------Evaluating models-------------
2022-01-25 18:49:19:INFO:Average Global Accuracy and Loss for Each Task:
2022-01-25 18:49:19:INFO:Accuracy = [0.899631298648095, 0.88529291274068, 0.8955346169602622, 0.8975829578041786, 0.899631298648095, 0.08111429741909054, 0.0962720196640721, 0.10446538303973782, 0.09340434248258911, 0.8975829578041786]
2022-01-25 18:49:19:INFO:Loss = [0.6694261140568928, 0.6529066985696615, 0.6620884674682523, 0.6550320217119578, 0.6637347804406099, 0.7383340320617436, 0.7404487229905037, 0.7411296843798715, 0.7476874158268627, 0.6698590415953027]
2022-01-25 18:49:19:INFO:-------------Training local models-------------
2022-01-25 18:59:08:INFO:-------------Aggregating local models-------------
2022-01-25 18:59:14:INFO:-------------Round number: 1-------------
2022-01-25 18:59:14:INFO:-------------Sending models-------------
2022-01-25 18:59:14:INFO:-------------Evaluating models-------------
2022-01-25 18:59:15:INFO:Average Global Accuracy and Loss for Each Task:
2022-01-25 18:59:15:INFO:Accuracy = [0.899631298648095, 0.8874436706267923, 0.8955346169602622, 0.8975829578041786, 0.899631298648095, 0.9188857025809095, 0.9037279803359279, 0.8955346169602622, 0.9065956575174109, 0.8854977468250717]
2022-01-25 18:59:15:INFO:Loss = [0.37479427360709405, 0.35982193636972365, 0.38356189132774526, 0.38005336036158605, 0.363990990320638, 0.33652985748246966, 0.37328237797248465, 0.3760983683641989, 0.38434407101781554, 0.48252314243073446]
2022-01-25 18:59:15:INFO:-------------Training local models-------------
2022-01-25 19:09:04:INFO:-------------Aggregating local models-------------
2022-01-25 19:09:10:INFO:-------------Round number: 2-------------
2022-01-25 19:09:10:INFO:-------------Sending models-------------
2022-01-25 19:09:10:INFO:-------------Evaluating models-------------
2022-01-25 19:09:11:INFO:Average Global Accuracy and Loss for Each Task:
2022-01-25 19:09:11:INFO:Accuracy = [0.899631298648095, 0.8914379352724293, 0.8955346169602622, 0.8975829578041786, 0.8999385497746825, 0.9188857025809095, 0.9037279803359279, 0.8955346169602622, 0.9065956575174109, 0.8975829578041786]
2022-01-25 19:09:11:INFO:Loss = [0.39137965894316806, 0.3088245862199849, 0.3572889665986416, 0.3782616609593778, 0.33980624569409795, 0.28761334063325783, 0.35120533548359595, 0.3421344104108875, 0.3897953136697784, 0.36774390001294066]
2022-01-25 19:09:11:INFO:-------------Training local models-------------
2022-01-25 19:19:01:INFO:-------------Aggregating local models-------------
2022-01-25 19:19:07:INFO:-------------Round number: 3-------------
2022-01-25 19:19:07:INFO:-------------Sending models-------------
2022-01-25 19:19:07:INFO:-------------Evaluating models-------------
2022-01-25 19:19:08:INFO:Average Global Accuracy and Loss for Each Task:
2022-01-25 19:19:08:INFO:Accuracy = [0.8997337156902908, 0.8928717738631708, 0.8955346169602622, 0.8975829578041786, 0.9009627201966407, 0.9188857025809095, 0.9054690700532568, 0.8955346169602622, 0.9069029086439984, 0.8975829578041786]
2022-01-25 19:19:08:INFO:Loss = [0.3932606289098371, 0.29622526235332114, 0.36353742025734603, 0.37829295759475023, 0.34479430821502566, 0.28730433827995017, 0.3555058319913662, 0.34586751691780343, 0.40255257527644195, 0.3652936924662516]
2022-01-25 19:19:08:INFO:-------------Training local models-------------
2022-01-25 19:28:57:INFO:-------------Aggregating local models-------------
2022-01-25 19:29:03:INFO:-------------Round number: 4-------------
2022-01-25 19:29:03:INFO:-------------Sending models-------------
2022-01-25 19:29:03:INFO:-------------Evaluating models-------------
2022-01-25 19:29:04:INFO:Average Global Accuracy and Loss for Each Task:
2022-01-25 19:29:04:INFO:Accuracy = [0.9038303973781238, 0.8981974600573536, 0.8955346169602622, 0.8975829578041786, 0.900757886112249, 0.9188857025809095, 0.9092585006145023, 0.895637034002458, 0.9068004916018025, 0.8980950430151577]
2022-01-25 19:29:04:INFO:Loss = [0.3855055614020897, 0.2825154602109458, 0.3658087274936417, 0.3724078272043169, 0.3440428428818876, 0.2876077681530768, 0.35412801908987657, 0.34485264034580865, 0.40667168451995817, 0.37119375540432703]
2022-01-25 19:29:04:INFO:-------------Training local models-------------
2022-01-25 19:38:48:INFO:-------------Aggregating local models-------------
2022-01-25 19:38:53:INFO:-------------Round number: 5-------------
2022-01-25 19:38:53:INFO:-------------Sending models-------------
2022-01-25 19:38:54:INFO:-------------Evaluating models-------------
2022-01-25 19:38:55:INFO:Average Global Accuracy and Loss for Each Task:
2022-01-25 19:38:55:INFO:Accuracy = [0.9080294961081524, 0.900757886112249, 0.8959442851290454, 0.8978902089307661, 0.9030110610405572, 0.9188857025809095, 0.9104875051208521, 0.8964563703400246, 0.9062884063908234, 0.8976853748463745]
2022-01-25 19:38:55:INFO:Loss = [0.37434840548763704, 0.2677503867972976, 0.36449126264981585, 0.36452153811612026, 0.3392819941214781, 0.28663932418716165, 0.3491690249374195, 0.33981966401882613, 0.40696618245420113, 0.3741811439700177]
2022-01-25 19:38:55:INFO:-------------Training local models-------------
2022-01-25 19:48:35:INFO:-------------Aggregating local models-------------
2022-01-25 19:48:40:INFO:-------------Round number: 6-------------
2022-01-25 19:48:40:INFO:-------------Sending models-------------
2022-01-25 19:48:40:INFO:-------------Evaluating models-------------
2022-01-25 19:48:41:INFO:Average Global Accuracy and Loss for Each Task:
2022-01-25 19:48:41:INFO:Accuracy = [0.9086439983613274, 0.9027038099139697, 0.897378123719787, 0.8993240475215076, 0.9045473166734944, 0.9188857025809095, 0.909360917656698, 0.8997337156902908, 0.905981155264236, 0.8975829578041786]
2022-01-25 19:48:41:INFO:Loss = [0.3620237816523475, 0.2533298638313154, 0.36081654292450044, 0.3558713117952427, 0.3325312547614612, 0.2847681090018761, 0.3423510904758497, 0.3324307032091263, 0.4056360969987241, 0.37432514655143206]
2022-01-25 19:48:41:INFO:-------------Training local models-------------
2022-01-25 19:58:21:INFO:-------------Aggregating local models-------------
2022-01-25 19:58:26:INFO:-------------Round number: 7-------------
2022-01-25 19:58:26:INFO:-------------Sending models-------------
2022-01-25 19:58:27:INFO:-------------Evaluating models-------------
2022-01-25 19:58:28:INFO:Average Global Accuracy and Loss for Each Task:
2022-01-25 19:58:28:INFO:Accuracy = [0.9105899221630479, 0.9051618189266694, 0.8987095452683327, 0.9020893076607948, 0.9052642359688652, 0.9188857025809095, 0.9069029086439984, 0.900757886112249, 0.9057763211798443, 0.8966612044244162]
2022-01-25 19:58:28:INFO:Loss = [0.34942242541166907, 0.2399953286263089, 0.35548764783759335, 0.3469391804446406, 0.3249278018347971, 0.2822481624668746, 0.3346752800148122, 0.32368069792541015, 0.4036024047013346, 0.37245496309643544]
2022-01-25 19:58:28:INFO:-------------Training local models-------------
2022-01-25 20:08:08:INFO:-------------Aggregating local models-------------
2022-01-25 20:08:13:INFO:-------------Round number: 8-------------
2022-01-25 20:08:13:INFO:-------------Sending models-------------
2022-01-25 20:08:13:INFO:-------------Evaluating models-------------
2022-01-25 20:08:14:INFO:Average Global Accuracy and Loss for Each Task:
2022-01-25 20:08:14:INFO:Accuracy = [0.9132527652601393, 0.9091560835723065, 0.9006554690700532, 0.9037279803359279, 0.9056739041376485, 0.9188857025809095, 0.9055714870954527, 0.9008603031544449, 0.9056739041376485, 0.8963539532978287]
2022-01-25 20:08:14:INFO:Loss = [0.33712837000372514, 0.22773527335764712, 0.34913320464586833, 0.33799325570079547, 0.31702920639279286, 0.27928303591336157, 0.3267809933830558, 0.3142812762368243, 0.40122593611777163, 0.36928058174217104]
2022-01-25 20:08:14:INFO:-------------Training local models-------------
2022-01-25 20:17:54:INFO:-------------Aggregating local models-------------
2022-01-25 20:18:00:INFO:-------------Round number: 9-------------
2022-01-25 20:18:00:INFO:-------------Sending models-------------
2022-01-25 20:18:00:INFO:-------------Evaluating models-------------
2022-01-25 20:18:01:INFO:Average Global Accuracy and Loss for Each Task:
2022-01-25 20:18:01:INFO:Accuracy = [0.9158131913150348, 0.912843097091356, 0.9027038099139697, 0.9064932404752151, 0.905981155264236, 0.9192953707496927, 0.9052642359688652, 0.9032158951249488, 0.9055714870954527, 0.8952273658336747]
2022-01-25 20:18:01:INFO:Loss = [0.3254060515945427, 0.2165479417646129, 0.3422253011042517, 0.3291707578718369, 0.30918869199303756, 0.2760517183533559, 0.3190058156380957, 0.30478125580482335, 0.3986002373532859, 0.365305729936816]
2022-01-25 20:18:01:INFO:-------------Training local models-------------
2022-01-25 20:27:41:INFO:-------------Aggregating local models-------------
2022-01-25 20:27:47:INFO:-------------Round number: 10-------------
2022-01-25 20:27:47:INFO:-------------Sending models-------------
2022-01-25 20:27:47:INFO:-------------Evaluating models-------------
2022-01-25 20:27:48:INFO:Average Global Accuracy and Loss for Each Task:
2022-01-25 20:27:48:INFO:Accuracy = [0.918578451454322, 0.9167349446947972, 0.9045473166734944, 0.9091560835723065, 0.9070053256861942, 0.9200122900450635, 0.9064932404752151, 0.9049569848422777, 0.9061859893486276, 0.8955346169602622]
2022-01-25 20:27:48:INFO:Loss = [0.3144177157936991, 0.2064487534624382, 0.33521519612027995, 0.32054462209679657, 0.30158805455714893, 0.27269526479478146, 0.31143477987169926, 0.29554629480311345, 0.39570954664443786, 0.3609303572062145]
2022-01-25 20:27:48:INFO:-------------Training local models-------------
2022-01-25 20:37:27:INFO:-------------Aggregating local models-------------
2022-01-25 20:37:33:INFO:-------------Round number: 11-------------
2022-01-25 20:37:33:INFO:-------------Sending models-------------
2022-01-25 20:37:33:INFO:-------------Evaluating models-------------
2022-01-25 20:37:34:INFO:Average Global Accuracy and Loss for Each Task:
2022-01-25 20:37:34:INFO:Accuracy = [0.9216509627201966, 0.9211388775092175, 0.905981155264236, 0.9115116755428103, 0.9074149938549775, 0.9209340434248259, 0.9075174108971733, 0.9063908234330192, 0.9060835723064318, 0.8948176976648914]
2022-01-25 20:37:34:INFO:Loss = [0.3042626176884078, 0.19733011473003823, 0.3283623146661624, 0.3120960238168763, 0.2943567685135829, 0.26935029667227234, 0.30404329169747624, 0.286801904690975, 0.3925767550922149, 0.35640031804850675]
2022-01-25 20:37:34:INFO:-------------Training local models-------------
2022-01-25 20:47:14:INFO:-------------Aggregating local models-------------
2022-01-25 20:47:19:INFO:-------------Round number: 12-------------
2022-01-25 20:47:19:INFO:-------------Sending models-------------
2022-01-25 20:47:20:INFO:-------------Evaluating models-------------
2022-01-25 20:47:21:INFO:Average Global Accuracy and Loss for Each Task:
2022-01-25 20:47:21:INFO:Accuracy = [0.9255428103236378, 0.9247234739860712, 0.9074149938549775, 0.9131503482179435, 0.9084391642769357, 0.9220606308889799, 0.9091560835723065, 0.9105899221630479, 0.9070053256861942, 0.8944080294961082]
2022-01-25 20:47:21:INFO:Loss = [0.2949839674229385, 0.18913201767369794, 0.32180009399560183, 0.303826150477897, 0.2875334146245246, 0.2661454229371829, 0.2968086588140371, 0.27865692891870325, 0.3892716866621171, 0.35183638348925167]
2022-01-25 20:47:21:INFO:-------------Training local models-------------
2022-01-25 20:57:01:INFO:-------------Aggregating local models-------------
2022-01-25 20:57:06:INFO:-------------Round number: 13-------------
2022-01-25 20:57:06:INFO:-------------Sending models-------------
2022-01-25 20:57:07:INFO:-------------Evaluating models-------------
2022-01-25 20:57:07:INFO:Average Global Accuracy and Loss for Each Task:
2022-01-25 20:57:07:INFO:Accuracy = [0.9283080704629251, 0.9272839000409668, 0.9092585006145023, 0.9147890208930766, 0.9091560835723065, 0.9226751331421549, 0.9121261777959853, 0.9144817697664891, 0.9076198279393691, 0.8942031954117166]
2022-01-25 20:57:07:INFO:Loss = [0.2865566390023606, 0.1817822853169667, 0.31557741622176877, 0.2957116700006845, 0.2811291424091333, 0.26316024410966565, 0.2896958441000061, 0.2711016428502355, 0.38581313412311835, 0.3473201674584334]
2022-01-25 20:57:07:INFO:-------------Training local models-------------
2022-01-25 21:06:47:INFO:-------------Aggregating local models-------------
2022-01-25 21:06:53:INFO:-------------Round number: 14-------------
2022-01-25 21:06:53:INFO:-------------Sending models-------------
2022-01-25 21:06:53:INFO:-------------Evaluating models-------------
2022-01-25 21:06:54:INFO:Average Global Accuracy and Loss for Each Task:
2022-01-25 21:06:54:INFO:Accuracy = [0.9305612453912331, 0.9286153215895125, 0.9107947562474396, 0.9147890208930766, 0.909360917656698, 0.9232896353953298, 0.9138672675133143, 0.9178615321589513, 0.9070053256861942, 0.894510446538304]
2022-01-25 21:06:54:INFO:Loss = [0.27886894513844884, 0.17522348084291295, 0.30970168656096114, 0.2877852940113146, 0.2751391239094959, 0.26039936757729165, 0.2827561558245245, 0.26410936033799604, 0.38224654544713543, 0.34293019744105535]
2022-01-25 21:06:54:INFO:-------------Training local models-------------
2022-01-25 21:16:32:INFO:-------------Aggregating local models-------------
2022-01-25 21:16:37:INFO:-------------Round number: 15-------------
2022-01-25 21:16:37:INFO:-------------Sending models-------------
2022-01-25 21:16:37:INFO:-------------Evaluating models-------------
2022-01-25 21:16:39:INFO:Average Global Accuracy and Loss for Each Task:
2022-01-25 21:16:39:INFO:Accuracy = [0.9320975010241704, 0.9298443260958623, 0.9129455141335518, 0.9156083572306432, 0.9101802539942646, 0.9224702990577632, 0.9155059401884473, 0.9189881196231053, 0.9068004916018025, 0.8941007783695207]
2022-01-25 21:16:39:INFO:Loss = [0.2718372875099658, 0.16936001568019318, 0.30412127620424956, 0.280065046379931, 0.2695337602916749, 0.25784196500758283, 0.2759616825323657, 0.25762498151932167, 0.37860140640250245, 0.33868499925846157]
2022-01-25 21:16:39:INFO:-------------Training local models-------------
2022-01-25 21:26:13:INFO:-------------Aggregating local models-------------
2022-01-25 21:26:18:INFO:-------------Round number: 16-------------
2022-01-25 21:26:18:INFO:-------------Sending models-------------
2022-01-25 21:26:19:INFO:-------------Evaluating models-------------
2022-01-25 21:26:20:INFO:Average Global Accuracy and Loss for Each Task:
2022-01-25 21:26:20:INFO:Accuracy = [0.9334289225727161, 0.931790249897583, 0.9151986890618599, 0.9170421958213847, 0.9105899221630479, 0.9235968865219173, 0.9164276935682097, 0.9215485456780008, 0.9064932404752151, 0.8937935272429333]
2022-01-25 21:26:20:INFO:Loss = [0.2654048712799743, 0.16410465077991152, 0.29884676924085996, 0.2725786062271099, 0.26427237670876264, 0.255465010159322, 0.26934067893961033, 0.25157807970214263, 0.37489930782258235, 0.3346059561853207]
2022-01-25 21:26:20:INFO:-------------Training local models-------------
2022-01-25 21:35:57:INFO:-------------Aggregating local models-------------
2022-01-25 21:36:02:INFO:-------------Round number: 17-------------
2022-01-25 21:36:02:INFO:-------------Sending models-------------
2022-01-25 21:36:03:INFO:-------------Evaluating models-------------
2022-01-25 21:36:04:INFO:Average Global Accuracy and Loss for Each Task:
2022-01-25 21:36:04:INFO:Accuracy = [0.9348627611634576, 0.9344530929946743, 0.916837361736993, 0.917451863990168, 0.9116140925850061, 0.9233920524375256, 0.9167349446947972, 0.9227775501843507, 0.9068004916018025, 0.8941007783695207]
2022-01-25 21:36:04:INFO:Loss = [0.2595317142430673, 0.15939194357899406, 0.2938598029487925, 0.2653613304768928, 0.25932442116681204, 0.2532489565550266, 0.2629186250063385, 0.24594369151853468, 0.3711994628847658, 0.3306979073294725]
2022-01-25 21:36:04:INFO:-------------Training local models-------------
2022-01-25 21:45:41:INFO:-------------Aggregating local models-------------
2022-01-25 21:45:47:INFO:-------------Round number: 18-------------
2022-01-25 21:45:47:INFO:-------------Sending models-------------
2022-01-25 21:45:47:INFO:-------------Evaluating models-------------
2022-01-25 21:45:48:INFO:Average Global Accuracy and Loss for Each Task:
2022-01-25 21:45:48:INFO:Accuracy = [0.9366038508807866, 0.9355796804588283, 0.9183736173699304, 0.9188857025809095, 0.9127406800491602, 0.9241089717328963, 0.9193977877918885, 0.924313805817288, 0.9083367472347399, 0.8949201147070872]
2022-01-25 21:45:48:INFO:Loss = [0.2541692780509335, 0.15516847204561973, 0.28914559409495433, 0.2584257616262024, 0.2546734110158836, 0.25116971557717604, 0.2566966561395301, 0.2406846866578578, 0.3674990834283121, 0.32698982422931033]
2022-01-25 21:45:48:INFO:-------------Training local models-------------
2022-01-25 21:55:25:INFO:-------------Aggregating local models-------------
2022-01-25 21:55:31:INFO:-------------Round number: 19-------------
2022-01-25 21:55:31:INFO:-------------Sending models-------------
2022-01-25 21:55:31:INFO:-------------Evaluating models-------------
2022-01-25 21:55:32:INFO:Average Global Accuracy and Loss for Each Task:
2022-01-25 21:55:32:INFO:Accuracy = [0.9376280213027448, 0.9385497746825072, 0.9196026218762802, 0.9196026218762802, 0.9132527652601393, 0.9234944694797215, 0.92083162638263, 0.9265669807455961, 0.9083367472347399, 0.8954321999180663]
2022-01-25 21:55:32:INFO:Loss = [0.24925185255179794, 0.151328098370752, 0.28469726614370205, 0.25180326044995954, 0.2503037578878418, 0.2491988991660104, 0.25070816529048656, 0.23577149124073596, 0.3638310297083267, 0.32346405458836125]
2022-01-25 21:55:32:INFO:-------------Training local models-------------
2022-01-25 22:05:09:INFO:-------------Aggregating local models-------------
2022-01-25 22:05:15:INFO:-------------Round number: 20-------------
2022-01-25 22:05:15:INFO:-------------Sending models-------------
2022-01-25 22:05:15:INFO:-------------Evaluating models-------------
2022-01-25 22:05:16:INFO:Average Global Accuracy and Loss for Each Task:
2022-01-25 22:05:16:INFO:Accuracy = [0.9382425235559197, 0.940905366653011, 0.9206267922982384, 0.9212412945514133, 0.9142769356820974, 0.9234944694797215, 0.9220606308889799, 0.927795985251946, 0.9087464154035232, 0.8964563703400246]
2022-01-25 22:05:16:INFO:Loss = [0.24474989678458886, 0.14781653531703035, 0.2805060286033671, 0.2455091532525812, 0.24619394972300807, 0.24735829757644776, 0.24495957281847974, 0.23117780441777694, 0.36022402035084466, 0.320128853471369]
2022-01-25 22:05:16:INFO:-------------Training local models-------------
2022-01-25 22:14:54:INFO:-------------Aggregating local models-------------
2022-01-25 22:14:59:INFO:-------------Round number: 21-------------
2022-01-25 22:14:59:INFO:-------------Sending models-------------
2022-01-25 22:15:00:INFO:-------------Evaluating models-------------
2022-01-25 22:15:00:INFO:Average Global Accuracy and Loss for Each Task:
2022-01-25 22:15:00:INFO:Accuracy = [0.9396763621466612, 0.9426464563703401, 0.9211388775092175, 0.9229823842687424, 0.9151986890618599, 0.924313805817288, 0.9234944694797215, 0.9287177386317084, 0.9094633346988938, 0.8969684555510037]
2022-01-25 22:15:00:INFO:Loss = [0.24060333684996374, 0.14460164278673923, 0.27655791434192695, 0.23952113330174987, 0.2423293039695631, 0.2456306599314493, 0.23942802797519175, 0.22686767156988638, 0.3566684609160809, 0.31696626065250844]
2022-01-25 22:15:00:INFO:-------------Training local models-------------
2022-01-25 22:24:38:INFO:-------------Aggregating local models-------------
2022-01-25 22:24:43:INFO:-------------Round number: 22-------------
2022-01-25 22:24:43:INFO:-------------Sending models-------------
2022-01-25 22:24:44:INFO:-------------Evaluating models-------------
2022-01-25 22:24:45:INFO:Average Global Accuracy and Loss for Each Task:
2022-01-25 22:24:45:INFO:Accuracy = [0.9410077836952069, 0.9446947972142564, 0.9218557968045883, 0.9244162228594838, 0.9177591151167555, 0.9253379762392462, 0.9242113887750921, 0.9309709135600164, 0.9098730028676771, 0.8976853748463745]
2022-01-25 22:24:45:INFO:Loss = [0.23675573370444242, 0.14165405650531193, 0.2728467839802449, 0.2338736137884201, 0.23869443125793896, 0.24399200382565533, 0.23411958783617742, 0.2228372040304284, 0.35320950326771505, 0.31395256342438826]
2022-01-25 22:24:45:INFO:-------------Training local models-------------
2022-01-25 22:34:23:INFO:-------------Aggregating local models-------------
2022-01-25 22:34:28:INFO:-------------Round number: 23-------------
2022-01-25 22:34:28:INFO:-------------Sending models-------------
2022-01-25 22:34:28:INFO:-------------Evaluating models-------------
2022-01-25 22:34:29:INFO:Average Global Accuracy and Loss for Each Task:
2022-01-25 22:34:29:INFO:Accuracy = [0.9421343711593609, 0.946128635804998, 0.9227775501843507, 0.9261573125768128, 0.9189881196231053, 0.9246210569438754, 0.9246210569438754, 0.9316878328553871, 0.9113068414584187, 0.8987095452683327]
2022-01-25 22:34:29:INFO:Loss = [0.233157177705246, 0.13893192882936894, 0.2693551908438321, 0.2285669664121685, 0.23526688535353996, 0.24240103658055423, 0.22903083027895602, 0.2190578693317212, 0.34988189324177554, 0.3110869542414392]
2022-01-25 22:34:29:INFO:-------------Training local models-------------
2022-01-25 22:44:07:INFO:-------------Aggregating local models-------------
2022-01-25 22:44:12:INFO:-------------Round number: 24-------------
2022-01-25 22:44:12:INFO:-------------Sending models-------------
2022-01-25 22:44:13:INFO:-------------Evaluating models-------------
2022-01-25 22:44:14:INFO:Average Global Accuracy and Loss for Each Task:
2022-01-25 22:44:14:INFO:Accuracy = [0.9429537074969275, 0.9473576403113478, 0.9241089717328963, 0.9278984022941418, 0.9216509627201966, 0.9241089717328963, 0.9253379762392462, 0.9318926669397788, 0.9123310118803769, 0.8988119623105285]
2022-01-25 22:44:14:INFO:Loss = [0.22977327672853937, 0.13638846194260937, 0.266050493694149, 0.22355866585261067, 0.23205701160423584, 0.24085496186358388, 0.22414408957708545, 0.2155014860059567, 0.3466681646853344, 0.3083280693893792]
2022-01-25 22:44:14:INFO:-------------Training local models-------------
2022-01-25 22:53:52:INFO:-------------Aggregating local models-------------
2022-01-25 22:53:57:INFO:-------------Round number: 25-------------
2022-01-25 22:53:57:INFO:-------------Sending models-------------
2022-01-25 22:53:58:INFO:-------------Evaluating models-------------
2022-01-25 22:53:58:INFO:Average Global Accuracy and Loss for Each Task:
2022-01-25 22:53:58:INFO:Accuracy = [0.9441827120032773, 0.9481769766489144, 0.9249283080704629, 0.9295370749692748, 0.9232896353953298, 0.9232896353953298, 0.9264645637034002, 0.9323023351085621, 0.9131503482179435, 0.8994264645637035]
2022-01-25 22:53:58:INFO:Loss = [0.22657491383095077, 0.13402109459768988, 0.26293829476841585, 0.21884692276094303, 0.22901838370635097, 0.23935482519148554, 0.21945587817284964, 0.21213022408803214, 0.3435522612971771, 0.3056685235694704]
2022-01-25 22:53:58:INFO:-------------Training local models-------------
2022-01-25 23:03:37:INFO:-------------Aggregating local models-------------
2022-01-25 23:03:42:INFO:-------------Round number: 26-------------
2022-01-25 23:03:42:INFO:-------------Sending models-------------
2022-01-25 23:03:42:INFO:-------------Evaluating models-------------
2022-01-25 23:03:43:INFO:Average Global Accuracy and Loss for Each Task:
2022-01-25 23:03:43:INFO:Accuracy = [0.9447972142564522, 0.9489963129864809, 0.9263621466612044, 0.9298443260958623, 0.924313805817288, 0.923187218353134, 0.9268742318721835, 0.9328144203195412, 0.9137648504711184, 0.8995288816058992]
2022-01-25 23:03:43:INFO:Loss = [0.22354874922750867, 0.13181542117676678, 0.26000395278030125, 0.214424667499932, 0.2261633125455445, 0.23788229519586004, 0.21495863809626106, 0.2089374859373603, 0.3405329595449028, 0.3030923825964509]
2022-01-25 23:03:43:INFO:-------------Training local models-------------
2022-01-25 23:13:21:INFO:-------------Aggregating local models-------------
2022-01-25 23:13:26:INFO:-------------Round number: 27-------------
2022-01-25 23:13:26:INFO:-------------Sending models-------------
2022-01-25 23:13:26:INFO:-------------Evaluating models-------------
2022-01-25 23:13:27:INFO:Average Global Accuracy and Loss for Each Task:
2022-01-25 23:13:27:INFO:Accuracy = [0.9458213846784105, 0.9494059811552642, 0.9276935682097501, 0.9307660794756247, 0.9250307251126587, 0.9240065546907006, 0.9280008193363376, 0.9339410077836952, 0.9140721015977059, 0.8997337156902908]
2022-01-25 23:13:27:INFO:Loss = [0.22068964837928598, 0.12973791714078553, 0.2572325993209485, 0.2102701528084078, 0.22348700886205394, 0.2364381069658989, 0.2106314693645882, 0.2059300089802857, 0.33763386464030287, 0.3005868554670808]
2022-01-25 23:13:27:INFO:-------------Training local models-------------
2022-01-25 23:23:05:INFO:-------------Aggregating local models-------------
2022-01-25 23:23:10:INFO:-------------Round number: 28-------------
2022-01-25 23:23:10:INFO:-------------Sending models-------------
2022-01-25 23:23:11:INFO:-------------Evaluating models-------------
2022-01-25 23:23:12:INFO:Average Global Accuracy and Loss for Each Task:
2022-01-25 23:23:12:INFO:Accuracy = [0.9463334698893896, 0.9502253174928308, 0.9287177386317084, 0.9314829987709955, 0.9269766489143794, 0.9238017206063089, 0.9283080704629251, 0.9344530929946743, 0.9144817697664891, 0.9001433838590741]
2022-01-25 23:23:12:INFO:Loss = [0.21797663476493626, 0.1277867258293268, 0.25461090264963243, 0.20638656752265683, 0.220971224317537, 0.23502818287619706, 0.20646796673223444, 0.20307012385009973, 0.3348356462010312, 0.2981443280512097]
2022-01-25 23:23:12:INFO:-------------Training local models-------------
2022-01-25 23:32:50:INFO:-------------Aggregating local models-------------
2022-01-25 23:32:55:INFO:-------------Round number: 29-------------
2022-01-25 23:32:55:INFO:-------------Sending models-------------
2022-01-25 23:32:56:INFO:-------------Evaluating models-------------
2022-01-25 23:32:56:INFO:Average Global Accuracy and Loss for Each Task:
2022-01-25 23:32:56:INFO:Accuracy = [0.9469479721425645, 0.9509422367882016, 0.9297419090536665, 0.9324047521507579, 0.9288201556739042, 0.9239041376485048, 0.9297419090536665, 0.9350675952478492, 0.9155059401884473, 0.901372388365424]
2022-01-25 23:32:56:INFO:Loss = [0.21539009279456633, 0.1259410411919918, 0.25212721440739644, 0.2027407765574677, 0.21860675259643234, 0.23363375943556197, 0.20245931845765738, 0.2003566071823001, 0.3321508881356014, 0.2957701561625304]
2022-01-25 23:32:56:INFO:-------------Training local models-------------
2022-01-25 23:42:34:INFO:-------------Aggregating local models-------------
2022-01-25 23:42:39:INFO:-------------Round number: 30-------------
2022-01-25 23:42:39:INFO:-------------Sending models-------------
2022-01-25 23:42:40:INFO:-------------Evaluating models-------------
2022-01-25 23:42:41:INFO:Average Global Accuracy and Loss for Each Task:
2022-01-25 23:42:41:INFO:Accuracy = [0.9477673084801311, 0.9513519049569849, 0.9306636624334289, 0.933531339614912, 0.9290249897582957, 0.9239041376485048, 0.930049160180254, 0.9367062679229824, 0.9161204424416223, 0.9022941417451864]
2022-01-25 23:42:41:INFO:Loss = [0.2129364913144057, 0.12417532226268396, 0.24977286187500763, 0.19930693672779934, 0.21636919811480923, 0.23225526386959364, 0.1986032429157723, 0.19776365094784218, 0.3295758084357506, 0.29345184787405854]
2022-01-25 23:42:41:INFO:-------------Training local models-------------
2022-01-25 23:52:19:INFO:-------------Aggregating local models-------------
2022-01-25 23:52:24:INFO:-------------Round number: 31-------------
2022-01-25 23:52:24:INFO:-------------Sending models-------------
2022-01-25 23:52:24:INFO:-------------Evaluating models-------------
2022-01-25 23:52:25:INFO:Average Global Accuracy and Loss for Each Task:
2022-01-25 23:52:25:INFO:Accuracy = [0.94950839819746, 0.9519664072101598, 0.931175747644408, 0.9347603441212617, 0.930049160180254, 0.9238017206063089, 0.9307660794756247, 0.9377304383449406, 0.9165301106104056, 0.9023965587873822]
2022-01-25 23:52:25:INFO:Loss = [0.21059358600105071, 0.12248882816075082, 0.2475184381087507, 0.19607329674580945, 0.21425258012664752, 0.2308844191340048, 0.19489678985445727, 0.1952844446907274, 0.3271166526188155, 0.2911836376710536]
2022-01-25 23:52:25:INFO:-------------Training local models-------------
2022-01-26 00:02:03:INFO:-------------Aggregating local models-------------
2022-01-26 00:02:09:INFO:-------------Round number: 32-------------
2022-01-26 00:02:09:INFO:-------------Sending models-------------
2022-01-26 00:02:09:INFO:-------------Evaluating models-------------
2022-01-26 00:02:10:INFO:Average Global Accuracy and Loss for Each Task:
2022-01-26 00:02:10:INFO:Accuracy = [0.9506349856616141, 0.9523760753789431, 0.9316878328553871, 0.9358869315854158, 0.9312781646866038, 0.9245186399016796, 0.9314829987709955, 0.9383449405981156, 0.9171446128635805, 0.9022941417451864]
2022-01-26 00:02:10:INFO:Loss = [0.20836688994591393, 0.12087706935052889, 0.2453551162698141, 0.1930303679720416, 0.21224447801199448, 0.22952105877989198, 0.19132691929982926, 0.19290759409092967, 0.32474566346096123, 0.2889584546579855]
2022-01-26 00:02:10:INFO:-------------Training local models-------------
2022-01-26 00:11:48:INFO:-------------Aggregating local models-------------
2022-01-26 00:11:53:INFO:-------------Round number: 33-------------
2022-01-26 00:11:53:INFO:-------------Sending models-------------
2022-01-26 00:11:53:INFO:-------------Evaluating models-------------
2022-01-26 00:11:54:INFO:Average Global Accuracy and Loss for Each Task:
2022-01-26 00:11:54:INFO:Accuracy = [0.9514543219991807, 0.9523760753789431, 0.9326095862351496, 0.9366038508807866, 0.931790249897583, 0.925440393281442, 0.9324047521507579, 0.9390618598934862, 0.9176566980745596, 0.9027038099139697]
2022-01-26 00:11:54:INFO:Loss = [0.2062235399611395, 0.11933202877150835, 0.24327602057531933, 0.19016495110396112, 0.21034448011253687, 0.22814704270633263, 0.18789958783159463, 0.19062990516604264, 0.32248494079877255, 0.2867661938391739]
2022-01-26 00:11:54:INFO:-------------Training local models-------------
2022-01-26 00:21:32:INFO:-------------Aggregating local models-------------
2022-01-26 00:21:37:INFO:-------------Round number: 34-------------
2022-01-26 00:21:37:INFO:-------------Sending models-------------
2022-01-26 00:21:38:INFO:-------------Evaluating models-------------
2022-01-26 00:21:39:INFO:Average Global Accuracy and Loss for Each Task:
2022-01-26 00:21:39:INFO:Accuracy = [0.9514543219991807, 0.9526833265055306, 0.933531339614912, 0.9374231872183532, 0.9318926669397788, 0.9261573125768128, 0.9339410077836952, 0.9396763621466612, 0.918578451454322, 0.9027038099139697]
2022-01-26 00:21:39:INFO:Loss = [0.20417604873465076, 0.11785937053224302, 0.2412709688759397, 0.18746690182812703, 0.20853488758017127, 0.2267703662126656, 0.18461062373774295, 0.18844504407708126, 0.3202960721373477, 0.2846144622894571]
2022-01-26 00:21:39:INFO:-------------Training local models-------------
2022-01-26 00:31:17:INFO:-------------Aggregating local models-------------
2022-01-26 00:31:23:INFO:-------------Round number: 35-------------
2022-01-26 00:31:23:INFO:-------------Sending models-------------
2022-01-26 00:31:23:INFO:-------------Evaluating models-------------
2022-01-26 00:31:24:INFO:Average Global Accuracy and Loss for Each Task:
2022-01-26 00:31:24:INFO:Accuracy = [0.9520688242523556, 0.9526833265055306, 0.9341458418680868, 0.9374231872183532, 0.9327120032773454, 0.9265669807455961, 0.9349651782056534, 0.9404956984842278, 0.9193977877918885, 0.9036255632937321]
2022-01-26 00:31:24:INFO:Loss = [0.20221333971303543, 0.11644714728260275, 0.23934331213821158, 0.18493226052188252, 0.20680780188454828, 0.22539530030011906, 0.1814520741682782, 0.18634998706039324, 0.3182197656992616, 0.28249572624331465]
2022-01-26 00:31:24:INFO:-------------Training local models-------------
2022-01-26 00:41:03:INFO:-------------Aggregating local models-------------
2022-01-26 00:41:08:INFO:-------------Round number: 36-------------
2022-01-26 00:41:08:INFO:-------------Sending models-------------
2022-01-26 00:41:08:INFO:-------------Evaluating models-------------
2022-01-26 00:41:09:INFO:Average Global Accuracy and Loss for Each Task:
2022-01-26 00:41:09:INFO:Accuracy = [0.9524784924211389, 0.952990577632118, 0.9346579270790659, 0.9382425235559197, 0.9325071691929537, 0.9266693977877919, 0.9356820975010242, 0.9416222859483818, 0.9203195411716509, 0.9040352314625154]
2022-01-26 00:41:09:INFO:Loss = [0.20034845399493653, 0.11509799008554901, 0.2374833023506768, 0.1825383901992864, 0.20517172539261022, 0.2240290883751482, 0.17841460839538106, 0.18432207949061233, 0.31625894681851113, 0.280440984552498]
2022-01-26 00:41:09:INFO:-------------Training local models-------------
2022-01-26 00:50:48:INFO:-------------Aggregating local models-------------
2022-01-26 00:50:53:INFO:-------------Round number: 37-------------
2022-01-26 00:50:53:INFO:-------------Sending models-------------
2022-01-26 00:50:54:INFO:-------------Evaluating models-------------
2022-01-26 00:50:54:INFO:Average Global Accuracy and Loss for Each Task:
2022-01-26 00:50:54:INFO:Accuracy = [0.952990577632118, 0.9531954117165097, 0.9353748463744367, 0.9392666939778779, 0.9333265055305203, 0.9267718148299877, 0.9372183531339615, 0.9423392052437526, 0.921446128635805, 0.9045473166734944]
2022-01-26 00:50:54:INFO:Loss = [0.1985571239798321, 0.11380248523017011, 0.23567426413151144, 0.18027324454812352, 0.20359735648250393, 0.22267044617801923, 0.1755041421869131, 0.18236749752095394, 0.31435769339037134, 0.27842076080334277]
2022-01-26 00:50:54:INFO:-------------Training local models-------------
2022-01-26 01:00:33:INFO:-------------Aggregating local models-------------
2022-01-26 01:00:38:INFO:-------------Round number: 38-------------
2022-01-26 01:00:38:INFO:-------------Sending models-------------
2022-01-26 01:00:39:INFO:-------------Evaluating models-------------
2022-01-26 01:00:40:INFO:Average Global Accuracy and Loss for Each Task:
2022-01-26 01:00:40:INFO:Accuracy = [0.9537074969274887, 0.9536050798852929, 0.93578451454322, 0.939778779188857, 0.9336337566571078, 0.9281032363785334, 0.9372183531339615, 0.9433633756657108, 0.9220606308889799, 0.9050594018844735]
2022-01-26 01:00:40:INFO:Loss = [0.19683009007810595, 0.11256519438670655, 0.23392241109324338, 0.1781250868055211, 0.20208838253920317, 0.22131689788842882, 0.17270706251755033, 0.18048178676030507, 0.31253587701111335, 0.2764269432700813]
2022-01-26 01:00:40:INFO:-------------Training local models-------------
2022-01-26 01:10:18:INFO:-------------Aggregating local models-------------
2022-01-26 01:10:24:INFO:-------------Round number: 39-------------
2022-01-26 01:10:24:INFO:-------------Sending models-------------
2022-01-26 01:10:24:INFO:-------------Evaluating models-------------
2022-01-26 01:10:25:INFO:Average Global Accuracy and Loss for Each Task:
2022-01-26 01:10:25:INFO:Accuracy = [0.954117165096272, 0.9536050798852929, 0.9365014338385907, 0.9400860303154445, 0.9345555100368701, 0.9286153215895125, 0.9380376894715281, 0.9438754608766898, 0.9222654649733716, 0.9054690700532568]
2022-01-26 01:10:25:INFO:Loss = [0.1951755895225933, 0.11138750694154936, 0.23223284002704817, 0.17609304487048993, 0.2006408052922626, 0.21997710377411253, 0.17001702538311836, 0.17867101102209712, 0.3108151499149317, 0.27449342219287964]
2022-01-26 01:10:25:INFO:-------------Training local models-------------
2022-01-26 01:20:04:INFO:-------------Aggregating local models-------------
