2022-01-25 18:06:24:INFO:-------------Round number: 0-------------
2022-01-25 18:06:24:INFO:-------------Sending models-------------
2022-01-25 18:06:24:INFO:-------------Evaluating models-------------
2022-01-25 18:06:25:INFO:Average Global Accuracy and Loss for Each Task:
2022-01-25 18:06:25:INFO:Accuracy = [0.9210526315789473, 0.9342105263157895, 0.868421052631579, 0.9210526315789473, 0.868421052631579, 0.09210526315789473, 0.09210526315789473, 0.13157894736842105, 0.10526315789473684, 0.9078947368421053]
2022-01-25 18:06:25:INFO:Loss = [0.6584171527310422, 0.6506733102233786, 0.6681595421151111, 0.6560279123092952, 0.6631301421868173, 0.7399470751222811, 0.7426060289144516, 0.7387688073672747, 0.7421571769212422, 0.6683427832628551]
2022-01-25 18:06:25:INFO:-------------Training local models-------------
2022-01-25 18:11:07:INFO:-------------Aggregating local models-------------
2022-01-25 18:11:12:INFO:-------------Round number: 1-------------
2022-01-25 18:11:12:INFO:-------------Sending models-------------
2022-01-25 18:11:12:INFO:-------------Evaluating models-------------
2022-01-25 18:11:13:INFO:Average Global Accuracy and Loss for Each Task:
2022-01-25 18:11:13:INFO:Accuracy = [0.9072368421052631, 0.8805921052631579, 0.7898026315789474, 0.8388157894736842, 0.8319078947368421, 0.7259868421052632, 0.7289473684210527, 0.6447368421052632, 0.8065789473684211, 0.712171052631579]
2022-01-25 18:11:13:INFO:Loss = [0.4308827555199203, 0.5220719108750161, 0.5573954117533407, 0.47566199888426225, 0.5195125008590127, 0.5435591505252217, 0.5441151073104457, 0.6244256684654638, 0.5199509355925808, 0.5838583803882724]
2022-01-25 18:11:13:INFO:-------------Training local models-------------
2022-01-25 18:15:56:INFO:-------------Aggregating local models-------------
2022-01-25 18:16:01:INFO:-------------Round number: 2-------------
2022-01-25 18:16:01:INFO:-------------Sending models-------------
2022-01-25 18:16:02:INFO:-------------Evaluating models-------------
2022-01-25 18:16:02:INFO:Average Global Accuracy and Loss for Each Task:
2022-01-25 18:16:02:INFO:Accuracy = [0.8924342105263158, 0.8967105263157895, 0.8184210526315789, 0.8467105263157895, 0.8213815789473684, 0.7960526315789473, 0.7743421052631579, 0.718421052631579, 0.8467105263157895, 0.7588815789473684]
2022-01-25 18:16:02:INFO:Loss = [0.3845212341739649, 0.47790664896417995, 0.5172797863273636, 0.4376584855092101, 0.4913263577404187, 0.4913710237872836, 0.48974927125106515, 0.6064438538282717, 0.46140535631045504, 0.5091948899391451]
2022-01-25 18:16:02:INFO:-------------Training local models-------------
2022-01-25 18:20:45:INFO:-------------Aggregating local models-------------
2022-01-25 18:20:50:INFO:-------------Round number: 3-------------
2022-01-25 18:20:50:INFO:-------------Sending models-------------
2022-01-25 18:20:51:INFO:-------------Evaluating models-------------
2022-01-25 18:20:51:INFO:Average Global Accuracy and Loss for Each Task:
2022-01-25 18:20:51:INFO:Accuracy = [0.8944078947368421, 0.9131578947368421, 0.8450657894736842, 0.8539473684210527, 0.8263157894736842, 0.8411184210526316, 0.7944078947368421, 0.7582236842105263, 0.8776315789473684, 0.7911184210526315]
2022-01-25 18:20:51:INFO:Loss = [0.3684960516953939, 0.4507804648815899, 0.4922388946931613, 0.40666814894403186, 0.47562922352900433, 0.4609985398251171, 0.45977690027977686, 0.5987346623656585, 0.4246480177940899, 0.4728869815651131]
2022-01-25 18:20:51:INFO:-------------Training local models-------------
2022-01-25 18:25:34:INFO:-------------Aggregating local models-------------
2022-01-25 18:25:39:INFO:-------------Round number: 4-------------
2022-01-25 18:25:39:INFO:-------------Sending models-------------
2022-01-25 18:25:40:INFO:-------------Evaluating models-------------
2022-01-25 18:25:41:INFO:Average Global Accuracy and Loss for Each Task:
2022-01-25 18:25:41:INFO:Accuracy = [0.8878289473684211, 0.9253289473684211, 0.8615131578947368, 0.8578947368421053, 0.8266447368421053, 0.8628289473684211, 0.8141447368421053, 0.787828947368421, 0.8878289473684211, 0.8207236842105263]
2022-01-25 18:25:41:INFO:Loss = [0.3640665329462775, 0.42985011675199003, 0.475414966272901, 0.3819324229568194, 0.4622492420756699, 0.439124288598051, 0.4381542264876005, 0.5926766554445126, 0.39883570363561277, 0.4499342611525208]
2022-01-25 18:25:41:INFO:-------------Training local models-------------
2022-01-25 18:30:22:INFO:-------------Aggregating local models-------------
2022-01-25 18:30:28:INFO:-------------Round number: 5-------------
2022-01-25 18:30:28:INFO:-------------Sending models-------------
2022-01-25 18:30:28:INFO:-------------Evaluating models-------------
2022-01-25 18:30:29:INFO:Average Global Accuracy and Loss for Each Task:
2022-01-25 18:30:29:INFO:Accuracy = [0.8713815789473685, 0.9276315789473685, 0.8641447368421052, 0.8618421052631579, 0.8296052631578947, 0.8733552631578947, 0.8213815789473684, 0.8134868421052631, 0.8950657894736842, 0.8430921052631579]
2022-01-25 18:30:29:INFO:Loss = [0.363799168127834, 0.41383284915814567, 0.4670717685703972, 0.36367052254928767, 0.4513005290094665, 0.4245314289521622, 0.4228394931170011, 0.5875800351158863, 0.3804378864680123, 0.434213192661685]
2022-01-25 18:30:29:INFO:-------------Training local models-------------
2022-01-25 18:35:12:INFO:-------------Aggregating local models-------------
2022-01-25 18:35:17:INFO:-------------Round number: 6-------------
2022-01-25 18:35:17:INFO:-------------Sending models-------------
2022-01-25 18:35:17:INFO:-------------Evaluating models-------------
2022-01-25 18:35:18:INFO:Average Global Accuracy and Loss for Each Task:
2022-01-25 18:35:18:INFO:Accuracy = [0.86875, 0.9296052631578947, 0.8654605263157895, 0.8657894736842106, 0.8368421052631579, 0.8786184210526315, 0.8315789473684211, 0.8338815789473685, 0.8976973684210526, 0.8661184210526316]
2022-01-25 18:35:18:INFO:Loss = [0.3633231284007994, 0.40110363626674944, 0.4637001019605362, 0.3502026561503666, 0.44228097420388, 0.41445359608961124, 0.41249907818181736, 0.5829803242752525, 0.3665859059868748, 0.4227241881032425]
2022-01-25 18:35:18:INFO:-------------Training local models-------------
2022-01-25 18:40:00:INFO:-------------Aggregating local models-------------
2022-01-25 18:40:05:INFO:-------------Round number: 7-------------
2022-01-25 18:40:05:INFO:-------------Sending models-------------
2022-01-25 18:40:06:INFO:-------------Evaluating models-------------
2022-01-25 18:40:06:INFO:Average Global Accuracy and Loss for Each Task:
2022-01-25 18:40:06:INFO:Accuracy = [0.8638157894736842, 0.9302631578947368, 0.8677631578947368, 0.868421052631579, 0.8414473684210526, 0.88125, 0.8351973684210526, 0.8493421052631579, 0.8990131578947368, 0.8756578947368421]
2022-01-25 18:40:06:INFO:Loss = [0.3613077218216954, 0.39055625789057413, 0.46257934048097876, 0.34001523942692746, 0.43460620715632103, 0.4069391614971927, 0.40586223580727454, 0.5786610714521406, 0.35555253447934154, 0.4142561248981541]
2022-01-25 18:40:06:INFO:-------------Training local models-------------
2022-01-25 18:44:49:INFO:-------------Aggregating local models-------------
2022-01-25 18:44:55:INFO:-------------Round number: 8-------------
2022-01-25 18:44:55:INFO:-------------Sending models-------------
2022-01-25 18:44:55:INFO:-------------Evaluating models-------------
2022-01-25 18:44:56:INFO:Average Global Accuracy and Loss for Each Task:
2022-01-25 18:44:56:INFO:Accuracy = [0.8638157894736842, 0.9305921052631579, 0.86875, 0.8713815789473685, 0.8467105263157895, 0.8865131578947368, 0.8361842105263158, 0.8601973684210527, 0.8973684210526316, 0.8835526315789474]
2022-01-25 18:44:56:INFO:Loss = [0.3578244821401313, 0.381547016718143, 0.4623034406670884, 0.33206651769011697, 0.42784094421260405, 0.40098886841166714, 0.40162165444895725, 0.5745295689864035, 0.3463422808195709, 0.4080790215704933]
2022-01-25 18:44:56:INFO:-------------Training local models-------------
2022-01-25 18:49:35:INFO:-------------Aggregating local models-------------
2022-01-25 18:49:40:INFO:-------------Round number: 9-------------
2022-01-25 18:49:40:INFO:-------------Sending models-------------
2022-01-25 18:49:41:INFO:-------------Evaluating models-------------
2022-01-25 18:49:41:INFO:Average Global Accuracy and Loss for Each Task:
2022-01-25 18:49:41:INFO:Accuracy = [0.8608552631578947, 0.930921052631579, 0.8694078947368421, 0.8740131578947369, 0.8529605263157894, 0.8881578947368421, 0.8315789473684211, 0.8671052631578947, 0.899671052631579, 0.8894736842105263]
2022-01-25 18:49:41:INFO:Loss = [0.35327963216083225, 0.3736255987329825, 0.46221116113041427, 0.3256717138712319, 0.4216937752360919, 0.396001740281415, 0.39874973635213745, 0.5705653682265333, 0.3383535811000528, 0.4035294131853765]
2022-01-25 18:49:41:INFO:-------------Training local models-------------
2022-01-25 18:54:24:INFO:-------------Aggregating local models-------------
2022-01-25 18:54:30:INFO:-------------Round number: 10-------------
2022-01-25 18:54:30:INFO:-------------Sending models-------------
2022-01-25 18:54:30:INFO:-------------Evaluating models-------------
2022-01-25 18:54:31:INFO:Average Global Accuracy and Loss for Each Task:
2022-01-25 18:54:31:INFO:Accuracy = [0.8621710526315789, 0.9305921052631579, 0.8703947368421052, 0.875328947368421, 0.8585526315789473, 0.8901315789473684, 0.8309210526315789, 0.8697368421052631, 0.9009868421052631, 0.8934210526315789]
2022-01-25 18:54:31:INFO:Loss = [0.3481230548059102, 0.3665186768033125, 0.46199868272187333, 0.32039172401939714, 0.4159752088683155, 0.3916737232433853, 0.3965716074331124, 0.5667869335784895, 0.3311897877865704, 0.4000600120083331]
2022-01-25 18:54:31:INFO:-------------Training local models-------------
2022-01-25 18:59:13:INFO:-------------Aggregating local models-------------
2022-01-25 18:59:19:INFO:-------------Round number: 11-------------
2022-01-25 18:59:19:INFO:-------------Sending models-------------
2022-01-25 18:59:20:INFO:-------------Evaluating models-------------
2022-01-25 18:59:20:INFO:Average Global Accuracy and Loss for Each Task:
2022-01-25 18:59:20:INFO:Accuracy = [0.8608552631578947, 0.9305921052631579, 0.8707236842105263, 0.8756578947368421, 0.8598684210526316, 0.8901315789473684, 0.8305921052631579, 0.8694078947368421, 0.9013157894736842, 0.8967105263157895]
2022-01-25 18:59:20:INFO:Loss = [0.3427487274365328, 0.3600940502970173, 0.4615496493535925, 0.315913112121818, 0.41052117173431296, 0.38782840377978955, 0.3948559854363434, 0.5631272789660694, 0.324618380610972, 0.39717033762166176]
2022-01-25 18:59:20:INFO:-------------Training local models-------------
2022-01-25 19:04:03:INFO:-------------Aggregating local models-------------
2022-01-25 19:04:09:INFO:-------------Round number: 12-------------
2022-01-25 19:04:09:INFO:-------------Sending models-------------
2022-01-25 19:04:09:INFO:-------------Evaluating models-------------
2022-01-25 19:04:10:INFO:Average Global Accuracy and Loss for Each Task:
2022-01-25 19:04:10:INFO:Accuracy = [0.8598684210526316, 0.9305921052631579, 0.8703947368421052, 0.8759868421052631, 0.8634868421052632, 0.8898026315789473, 0.8296052631578947, 0.8690789473684211, 0.9023026315789474, 0.9013157894736842]
2022-01-25 19:04:10:INFO:Loss = [0.3374087213987399, 0.354224624450006, 0.460856422239694, 0.31202961161417125, 0.4052286594225351, 0.384346556400966, 0.39341210854380687, 0.559604351552767, 0.3184970278885693, 0.39475640999520883]
2022-01-25 19:04:10:INFO:-------------Training local models-------------
2022-01-25 19:08:51:INFO:-------------Aggregating local models-------------
2022-01-25 19:08:57:INFO:-------------Round number: 13-------------
2022-01-25 19:08:57:INFO:-------------Sending models-------------
2022-01-25 19:08:57:INFO:-------------Evaluating models-------------
2022-01-25 19:08:58:INFO:Average Global Accuracy and Loss for Each Task:
2022-01-25 19:08:58:INFO:Accuracy = [0.8601973684210527, 0.9305921052631579, 0.8710526315789474, 0.8763157894736842, 0.8648026315789473, 0.8904605263157894, 0.8263157894736842, 0.868421052631579, 0.9026315789473685, 0.9046052631578947]
2022-01-25 19:08:58:INFO:Loss = [0.3322611267944204, 0.348813739556231, 0.45992027830690957, 0.3085953756695074, 0.4000619682345515, 0.38116736473028523, 0.39214597111353405, 0.5562815342916445, 0.3127325117414952, 0.3927075975026176]
2022-01-25 19:08:58:INFO:-------------Training local models-------------
2022-01-25 19:13:39:INFO:-------------Aggregating local models-------------
2022-01-25 19:13:44:INFO:-------------Round number: 14-------------
2022-01-25 19:13:44:INFO:-------------Sending models-------------
2022-01-25 19:13:45:INFO:-------------Evaluating models-------------
2022-01-25 19:13:45:INFO:Average Global Accuracy and Loss for Each Task:
2022-01-25 19:13:45:INFO:Accuracy = [0.8605263157894737, 0.9305921052631579, 0.8713815789473685, 0.8773026315789474, 0.8661184210526316, 0.8888157894736842, 0.8233552631578948, 0.8690789473684211, 0.9032894736842105, 0.9082236842105263]
2022-01-25 19:13:45:INFO:Loss = [0.32738472213685255, 0.34380347587744164, 0.45876252967220926, 0.30550683042230575, 0.39500449709042806, 0.37824818283115746, 0.39103936237332065, 0.5530211766921351, 0.30728102633101545, 0.39085519889608566]
2022-01-25 19:13:45:INFO:-------------Training local models-------------
2022-01-25 19:18:26:INFO:-------------Aggregating local models-------------
2022-01-25 19:18:32:INFO:-------------Round number: 15-------------
2022-01-25 19:18:32:INFO:-------------Sending models-------------
2022-01-25 19:18:32:INFO:-------------Evaluating models-------------
2022-01-25 19:18:33:INFO:Average Global Accuracy and Loss for Each Task:
2022-01-25 19:18:33:INFO:Accuracy = [0.8608552631578947, 0.9305921052631579, 0.8720394736842105, 0.8776315789473684, 0.8667763157894737, 0.8884868421052632, 0.8223684210526315, 0.8694078947368421, 0.9039473684210526, 0.9108552631578948]
2022-01-25 19:18:33:INFO:Loss = [0.3228223259789765, 0.3391463411029882, 0.45741904497385566, 0.3026967158132864, 0.3901000373007264, 0.3755493221956146, 0.3900683219590543, 0.549938476486683, 0.3021432371786336, 0.38936041992948095]
2022-01-25 19:18:33:INFO:-------------Training local models-------------
2022-01-25 19:23:10:INFO:-------------Aggregating local models-------------
2022-01-25 19:23:15:INFO:-------------Round number: 16-------------
2022-01-25 19:23:15:INFO:-------------Sending models-------------
2022-01-25 19:23:16:INFO:-------------Evaluating models-------------
2022-01-25 19:23:16:INFO:Average Global Accuracy and Loss for Each Task:
2022-01-25 19:23:16:INFO:Accuracy = [0.8615131578947368, 0.930921052631579, 0.8723684210526316, 0.8776315789473684, 0.8667763157894737, 0.8884868421052632, 0.8226973684210527, 0.8694078947368421, 0.9046052631578947, 0.9121710526315789]
2022-01-25 19:23:16:INFO:Loss = [0.3185966996465332, 0.3347884062459343, 0.4559396446933725, 0.30011464302745144, 0.3853250602153007, 0.3730539388818311, 0.38925773632792315, 0.546970121939299, 0.2973038720160012, 0.38806635715943566]
2022-01-25 19:23:16:INFO:-------------Training local models-------------
2022-01-25 19:27:53:INFO:-------------Aggregating local models-------------
2022-01-25 19:27:59:INFO:-------------Round number: 17-------------
2022-01-25 19:27:59:INFO:-------------Sending models-------------
2022-01-25 19:27:59:INFO:-------------Evaluating models-------------
2022-01-25 19:28:00:INFO:Average Global Accuracy and Loss for Each Task:
2022-01-25 19:28:00:INFO:Accuracy = [0.8625, 0.930921052631579, 0.8733552631578947, 0.8773026315789474, 0.8674342105263158, 0.8868421052631579, 0.8220394736842105, 0.8690789473684211, 0.90625, 0.9131578947368421]
2022-01-25 19:28:00:INFO:Loss = [0.3147092814715028, 0.3307808417287704, 0.45433823173133486, 0.29771613500212735, 0.38070086016217064, 0.3707364518325592, 0.38857463559619837, 0.5440946539234383, 0.29271327077386605, 0.38696617597413835]
2022-01-25 19:28:00:INFO:-------------Training local models-------------
2022-01-25 19:32:36:INFO:-------------Aggregating local models-------------
2022-01-25 19:32:41:INFO:-------------Round number: 18-------------
2022-01-25 19:32:41:INFO:-------------Sending models-------------
2022-01-25 19:32:42:INFO:-------------Evaluating models-------------
2022-01-25 19:32:42:INFO:Average Global Accuracy and Loss for Each Task:
2022-01-25 19:32:42:INFO:Accuracy = [0.8631578947368421, 0.930921052631579, 0.8733552631578947, 0.8779605263157895, 0.8680921052631579, 0.8851973684210527, 0.8220394736842105, 0.8690789473684211, 0.9072368421052631, 0.9138157894736842]
2022-01-25 19:32:42:INFO:Loss = [0.3111373898753204, 0.32707765556283686, 0.4526475738626016, 0.29548353759233387, 0.3762260915035241, 0.3685608814511828, 0.3880365524949555, 0.5412969621936913, 0.2883868180808924, 0.38600103426295773]
2022-01-25 19:32:42:INFO:-------------Training local models-------------
2022-01-25 19:37:19:INFO:-------------Aggregating local models-------------
2022-01-25 19:37:24:INFO:-------------Round number: 19-------------
2022-01-25 19:37:24:INFO:-------------Sending models-------------
2022-01-25 19:37:25:INFO:-------------Evaluating models-------------
2022-01-25 19:37:26:INFO:Average Global Accuracy and Loss for Each Task:
2022-01-25 19:37:26:INFO:Accuracy = [0.8641447368421052, 0.9305921052631579, 0.8736842105263158, 0.8782894736842105, 0.8677631578947368, 0.8838815789473684, 0.8210526315789474, 0.8690789473684211, 0.9072368421052631, 0.9134868421052632]
2022-01-25 19:37:26:INFO:Loss = [0.3078591413539375, 0.32371851223701686, 0.4508944776247709, 0.2933931493875877, 0.3719274468611203, 0.3665331961379515, 0.38765063676309136, 0.538604201080345, 0.2843921284377422, 0.38516953150361877]
2022-01-25 19:37:26:INFO:-------------Training local models-------------
2022-01-25 19:42:02:INFO:-------------Aggregating local models-------------
2022-01-25 19:42:07:INFO:-------------Round number: 20-------------
2022-01-25 19:42:07:INFO:-------------Sending models-------------
2022-01-25 19:42:08:INFO:-------------Evaluating models-------------
2022-01-25 19:42:09:INFO:Average Global Accuracy and Loss for Each Task:
2022-01-25 19:42:09:INFO:Accuracy = [0.8641447368421052, 0.9299342105263158, 0.8736842105263158, 0.8782894736842105, 0.8680921052631579, 0.8835526315789474, 0.8197368421052632, 0.8690789473684211, 0.9085526315789474, 0.9121710526315789]
2022-01-25 19:42:09:INFO:Loss = [0.30485676751222374, 0.3205754792602659, 0.44912118615282354, 0.2914284710817523, 0.36780649218570416, 0.3646400436157005, 0.38744540326833404, 0.5360169120816097, 0.2805952528471703, 0.384345578014434]
2022-01-25 19:42:09:INFO:-------------Training local models-------------
2022-01-25 19:46:46:INFO:-------------Aggregating local models-------------
2022-01-25 19:46:51:INFO:-------------Round number: 21-------------
2022-01-25 19:46:51:INFO:-------------Sending models-------------
2022-01-25 19:46:51:INFO:-------------Evaluating models-------------
2022-01-25 19:46:52:INFO:Average Global Accuracy and Loss for Each Task:
2022-01-25 19:46:52:INFO:Accuracy = [0.8651315789473685, 0.9296052631578947, 0.8740131578947369, 0.8786184210526315, 0.8674342105263158, 0.8835526315789474, 0.8203947368421053, 0.8694078947368421, 0.9095394736842105, 0.912828947368421]
2022-01-25 19:46:52:INFO:Loss = [0.30209780870752995, 0.3176748850057361, 0.4473320577315845, 0.289600200165296, 0.36387663152824024, 0.36286240270304626, 0.3873593827210195, 0.5335394077356843, 0.2770682547730087, 0.3836771212839889]
2022-01-25 19:46:52:INFO:-------------Training local models-------------
2022-01-25 19:51:28:INFO:-------------Aggregating local models-------------
2022-01-25 19:51:34:INFO:-------------Round number: 22-------------
2022-01-25 19:51:34:INFO:-------------Sending models-------------
2022-01-25 19:51:34:INFO:-------------Evaluating models-------------
2022-01-25 19:51:35:INFO:Average Global Accuracy and Loss for Each Task:
2022-01-25 19:51:35:INFO:Accuracy = [0.8661184210526316, 0.9292763157894737, 0.8743421052631579, 0.8789473684210526, 0.8667763157894737, 0.8828947368421053, 0.8220394736842105, 0.8694078947368421, 0.9098684210526315, 0.9125]
2022-01-25 19:51:35:INFO:Loss = [0.2995680001586152, 0.31499020220125157, 0.4455424477614303, 0.28787168708712624, 0.3601399871618732, 0.3612018252648628, 0.38743672712696836, 0.5311625434160784, 0.27379607986566906, 0.3830395679182594]
2022-01-25 19:51:35:INFO:-------------Training local models-------------
2022-01-25 19:56:11:INFO:-------------Aggregating local models-------------
2022-01-25 19:56:17:INFO:-------------Round number: 23-------------
2022-01-25 19:56:17:INFO:-------------Sending models-------------
2022-01-25 19:56:17:INFO:-------------Evaluating models-------------
2022-01-25 19:56:18:INFO:Average Global Accuracy and Loss for Each Task:
2022-01-25 19:56:18:INFO:Accuracy = [0.8671052631578947, 0.9289473684210526, 0.874671052631579, 0.8796052631578948, 0.8664473684210526, 0.8825657894736842, 0.8223684210526315, 0.8697368421052631, 0.9115131578947369, 0.9118421052631579]
2022-01-25 19:56:18:INFO:Loss = [0.29724748850640026, 0.31244061082696517, 0.4437817323962104, 0.2862511011379339, 0.3565800045957746, 0.3596368236478731, 0.38761718853340044, 0.5288909441212462, 0.27067381198369395, 0.38243002201718473]
2022-01-25 19:56:18:INFO:-------------Training local models-------------
2022-01-25 20:00:54:INFO:-------------Aggregating local models-------------
2022-01-25 20:00:59:INFO:-------------Round number: 24-------------
2022-01-25 20:00:59:INFO:-------------Sending models-------------
2022-01-25 20:01:00:INFO:-------------Evaluating models-------------
2022-01-25 20:01:00:INFO:Average Global Accuracy and Loss for Each Task:
2022-01-25 20:01:00:INFO:Accuracy = [0.868421052631579, 0.9289473684210526, 0.874671052631579, 0.8796052631578948, 0.8664473684210526, 0.8825657894736842, 0.8233552631578948, 0.8697368421052631, 0.9115131578947369, 0.9118421052631579]
2022-01-25 20:01:00:INFO:Loss = [0.2951190089711178, 0.3100660927896235, 0.44205870216989607, 0.2847255741308848, 0.35321196941444405, 0.35817285730292114, 0.38789432325038914, 0.5266454143604374, 0.2676890554135561, 0.3818500281103249]
2022-01-25 20:01:00:INFO:-------------Training local models-------------
2022-01-25 20:05:37:INFO:-------------Aggregating local models-------------
2022-01-25 20:05:42:INFO:-------------Round number: 25-------------
2022-01-25 20:05:42:INFO:-------------Sending models-------------
2022-01-25 20:05:43:INFO:-------------Evaluating models-------------
2022-01-25 20:05:43:INFO:Average Global Accuracy and Loss for Each Task:
2022-01-25 20:05:43:INFO:Accuracy = [0.8690789473684211, 0.9286184210526316, 0.874671052631579, 0.8796052631578948, 0.8664473684210526, 0.8828947368421053, 0.8230263157894737, 0.8700657894736842, 0.9118421052631579, 0.9121710526315789]
2022-01-25 20:05:43:INFO:Loss = [0.2932066387861835, 0.3078796412775869, 0.44037424439470907, 0.2832814825526025, 0.34997357678022173, 0.3568356145034685, 0.3883579522777214, 0.524461016295582, 0.26486600054532144, 0.38150868801274457]
2022-01-25 20:05:43:INFO:-------------Training local models-------------
2022-01-25 20:10:20:INFO:-------------Aggregating local models-------------
2022-01-25 20:10:25:INFO:-------------Round number: 26-------------
2022-01-25 20:10:25:INFO:-------------Sending models-------------
2022-01-25 20:10:26:INFO:-------------Evaluating models-------------
2022-01-25 20:10:26:INFO:Average Global Accuracy and Loss for Each Task:
2022-01-25 20:10:26:INFO:Accuracy = [0.8707236842105263, 0.9282894736842106, 0.875, 0.8796052631578948, 0.8677631578947368, 0.8828947368421053, 0.8230263157894737, 0.8697368421052631, 0.9115131578947369, 0.9121710526315789]
2022-01-25 20:10:26:INFO:Loss = [0.29144013564080906, 0.30586053577319133, 0.43869888931964707, 0.28191992082697415, 0.346924164405592, 0.35560135046360203, 0.3890146929303515, 0.5225048484012644, 0.26220506927730686, 0.38122083012881613]
2022-01-25 20:10:26:INFO:-------------Training local models-------------
2022-01-25 20:15:03:INFO:-------------Aggregating local models-------------
2022-01-25 20:15:08:INFO:-------------Round number: 27-------------
2022-01-25 20:15:08:INFO:-------------Sending models-------------
2022-01-25 20:15:09:INFO:-------------Evaluating models-------------
2022-01-25 20:15:09:INFO:Average Global Accuracy and Loss for Each Task:
2022-01-25 20:15:09:INFO:Accuracy = [0.8720394736842105, 0.9279605263157895, 0.8756578947368421, 0.8796052631578948, 0.8680921052631579, 0.8828947368421053, 0.8233552631578948, 0.8700657894736842, 0.9118421052631579, 0.9111842105263158]
2022-01-25 20:15:09:INFO:Loss = [0.2898243494070668, 0.3039913134899076, 0.43705910437136863, 0.2806349609387613, 0.3440691255564161, 0.3544296602489531, 0.3897689220565984, 0.5206753773803173, 0.25972859925432684, 0.3810007503351172]
2022-01-25 20:15:09:INFO:-------------Training local models-------------
2022-01-25 20:19:46:INFO:-------------Aggregating local models-------------
2022-01-25 20:19:51:INFO:-------------Round number: 28-------------
2022-01-25 20:19:51:INFO:-------------Sending models-------------
2022-01-25 20:19:52:INFO:-------------Evaluating models-------------
2022-01-25 20:19:52:INFO:Average Global Accuracy and Loss for Each Task:
2022-01-25 20:19:52:INFO:Accuracy = [0.8730263157894737, 0.9276315789473685, 0.8763157894736842, 0.8796052631578948, 0.8677631578947368, 0.8828947368421053, 0.8233552631578948, 0.8700657894736842, 0.9118421052631579, 0.9121710526315789]
2022-01-25 20:19:52:INFO:Loss = [0.28832766437392965, 0.302280234694703, 0.43547533373624137, 0.27942858373429963, 0.34136638331830527, 0.35333692973998904, 0.39062931705159015, 0.5189553698062235, 0.2574560184808721, 0.38090699810862516]
2022-01-25 20:19:52:INFO:-------------Training local models-------------
2022-01-25 20:24:29:INFO:-------------Aggregating local models-------------
2022-01-25 20:24:35:INFO:-------------Round number: 29-------------
2022-01-25 20:24:35:INFO:-------------Sending models-------------
2022-01-25 20:24:35:INFO:-------------Evaluating models-------------
2022-01-25 20:24:36:INFO:Average Global Accuracy and Loss for Each Task:
2022-01-25 20:24:36:INFO:Accuracy = [0.8743421052631579, 0.9276315789473685, 0.8766447368421053, 0.8796052631578948, 0.86875, 0.8828947368421053, 0.8230263157894737, 0.8700657894736842, 0.9121710526315789, 0.9101973684210526]
2022-01-25 20:24:36:INFO:Loss = [0.28694635018320314, 0.3006898991064334, 0.4339184129819746, 0.27829045626391524, 0.3387957351434651, 0.35230844716888415, 0.3915477027928175, 0.5173271905843745, 0.2553471628291989, 0.38084215813203054]
2022-01-25 20:24:36:INFO:-------------Training local models-------------
2022-01-25 20:29:12:INFO:-------------Aggregating local models-------------
2022-01-25 20:29:17:INFO:-------------Round number: 30-------------
2022-01-25 20:29:17:INFO:-------------Sending models-------------
2022-01-25 20:29:18:INFO:-------------Evaluating models-------------
2022-01-25 20:29:18:INFO:Average Global Accuracy and Loss for Each Task:
2022-01-25 20:29:18:INFO:Accuracy = [0.8756578947368421, 0.9276315789473685, 0.8773026315789474, 0.8796052631578948, 0.8690789473684211, 0.8828947368421053, 0.8220394736842105, 0.8700657894736842, 0.9131578947368421, 0.9095394736842105]
2022-01-25 20:29:18:INFO:Loss = [0.28566094505884776, 0.29919647253260145, 0.4324074561495524, 0.2772266457910806, 0.33635667407571945, 0.3513447405425005, 0.3925031974358717, 0.5157874709149933, 0.2533569162641422, 0.380803915792249]
2022-01-25 20:29:18:INFO:-------------Training local models-------------
2022-01-25 20:33:55:INFO:-------------Aggregating local models-------------
2022-01-25 20:34:00:INFO:-------------Round number: 31-------------
2022-01-25 20:34:00:INFO:-------------Sending models-------------
2022-01-25 20:34:00:INFO:-------------Evaluating models-------------
2022-01-25 20:34:01:INFO:Average Global Accuracy and Loss for Each Task:
2022-01-25 20:34:01:INFO:Accuracy = [0.8759868421052631, 0.9276315789473685, 0.8776315789473684, 0.8796052631578948, 0.8690789473684211, 0.8828947368421053, 0.8223684210526315, 0.8694078947368421, 0.9115131578947369, 0.9092105263157895]
2022-01-25 20:34:01:INFO:Loss = [0.2844803692571172, 0.2978109981781209, 0.4309469888792496, 0.2762297861571776, 0.3340562832464026, 0.3504501571379047, 0.3934921902883185, 0.5143403589019343, 0.2515136308081166, 0.38078538470481843]
2022-01-25 20:34:01:INFO:-------------Training local models-------------
2022-01-25 20:38:37:INFO:-------------Aggregating local models-------------
2022-01-25 20:38:43:INFO:-------------Round number: 32-------------
2022-01-25 20:38:43:INFO:-------------Sending models-------------
2022-01-25 20:38:43:INFO:-------------Evaluating models-------------
2022-01-25 20:38:44:INFO:Average Global Accuracy and Loss for Each Task:
2022-01-25 20:38:44:INFO:Accuracy = [0.8773026315789474, 0.9266447368421052, 0.8779605263157895, 0.8799342105263158, 0.8690789473684211, 0.8828947368421053, 0.8230263157894737, 0.8694078947368421, 0.9121710526315789, 0.9082236842105263]
2022-01-25 20:38:44:INFO:Loss = [0.28337405153912476, 0.2964945589984908, 0.42954452343991234, 0.27529641018554685, 0.33185765380212134, 0.3496233001046915, 0.39451222497308136, 0.5129849519936741, 0.2497463220074439, 0.3807991424699522]
2022-01-25 20:38:44:INFO:-------------Training local models-------------
2022-01-25 20:43:21:INFO:-------------Aggregating local models-------------
2022-01-25 20:43:26:INFO:-------------Round number: 33-------------
2022-01-25 20:43:26:INFO:-------------Sending models-------------
2022-01-25 20:43:26:INFO:-------------Evaluating models-------------
2022-01-25 20:43:27:INFO:Average Global Accuracy and Loss for Each Task:
2022-01-25 20:43:27:INFO:Accuracy = [0.8792763157894737, 0.9259868421052632, 0.8789473684210526, 0.8799342105263158, 0.8694078947368421, 0.8828947368421053, 0.8236842105263158, 0.8694078947368421, 0.9125, 0.906578947368421]
2022-01-25 20:43:27:INFO:Loss = [0.2823320710922417, 0.2952694955083165, 0.42819616687407497, 0.2744215084590235, 0.3297653669373846, 0.34884897111624014, 0.3955942616418102, 0.5117365021670641, 0.24810439056818723, 0.3809395711509033]
2022-01-25 20:43:27:INFO:-------------Training local models-------------
2022-01-25 20:48:03:INFO:-------------Aggregating local models-------------
2022-01-25 20:48:09:INFO:-------------Round number: 34-------------
2022-01-25 20:48:09:INFO:-------------Sending models-------------
2022-01-25 20:48:09:INFO:-------------Evaluating models-------------
2022-01-25 20:48:10:INFO:Average Global Accuracy and Loss for Each Task:
2022-01-25 20:48:10:INFO:Accuracy = [0.8799342105263158, 0.9259868421052632, 0.8789473684210526, 0.8805921052631579, 0.8694078947368421, 0.8828947368421053, 0.8236842105263158, 0.8694078947368421, 0.912828947368421, 0.90625]
2022-01-25 20:48:10:INFO:Loss = [0.2813713672357584, 0.2940842271236761, 0.426904793244926, 0.27360522897307465, 0.32776030772488174, 0.3480894163083959, 0.3966859553114965, 0.5105819178670093, 0.24653942244300484, 0.381122735945514]
2022-01-25 20:48:10:INFO:-------------Training local models-------------
2022-01-25 20:52:46:INFO:-------------Aggregating local models-------------
2022-01-25 20:52:52:INFO:-------------Round number: 35-------------
2022-01-25 20:52:52:INFO:-------------Sending models-------------
2022-01-25 20:52:52:INFO:-------------Evaluating models-------------
2022-01-25 20:52:53:INFO:Average Global Accuracy and Loss for Each Task:
2022-01-25 20:52:53:INFO:Accuracy = [0.8802631578947369, 0.9256578947368421, 0.8796052631578948, 0.8809210526315789, 0.8697368421052631, 0.8828947368421053, 0.8233552631578948, 0.8694078947368421, 0.9134868421052632, 0.90625]
2022-01-25 20:52:53:INFO:Loss = [0.28047284276295903, 0.2929580123889441, 0.42567274575565917, 0.2728449664127287, 0.3258575605415038, 0.3473702174916597, 0.397791219613282, 0.5095206649650783, 0.24506143544433717, 0.38132079094678994]
2022-01-25 20:52:53:INFO:-------------Training local models-------------
2022-01-25 20:57:29:INFO:-------------Aggregating local models-------------
2022-01-25 20:57:35:INFO:-------------Round number: 36-------------
2022-01-25 20:57:35:INFO:-------------Sending models-------------
2022-01-25 20:57:35:INFO:-------------Evaluating models-------------
2022-01-25 20:57:36:INFO:Average Global Accuracy and Loss for Each Task:
2022-01-25 20:57:36:INFO:Accuracy = [0.8802631578947369, 0.9253289473684211, 0.8802631578947369, 0.8819078947368421, 0.8703947368421052, 0.8832236842105263, 0.8230263157894737, 0.8694078947368421, 0.9131578947368421, 0.90625]
2022-01-25 20:57:36:INFO:Loss = [0.27964253166914876, 0.29185945863623364, 0.4245016634863293, 0.27213710756270876, 0.324035181262221, 0.3466883419059741, 0.3989319642752985, 0.5085444082467706, 0.24363552593403207, 0.38157517390975143]
2022-01-25 20:57:36:INFO:-------------Training local models-------------
2022-01-25 21:02:12:INFO:-------------Aggregating local models-------------
2022-01-25 21:02:18:INFO:-------------Round number: 37-------------
2022-01-25 21:02:18:INFO:-------------Sending models-------------
2022-01-25 21:02:18:INFO:-------------Evaluating models-------------
2022-01-25 21:02:19:INFO:Average Global Accuracy and Loss for Each Task:
2022-01-25 21:02:19:INFO:Accuracy = [0.881578947368421, 0.925, 0.88125, 0.8819078947368421, 0.8710526315789474, 0.8832236842105263, 0.8230263157894737, 0.8690789473684211, 0.9131578947368421, 0.905921052631579]
2022-01-25 21:02:19:INFO:Loss = [0.27885037415647895, 0.290832105276135, 0.42338419694983476, 0.27148170216797124, 0.3222695625954657, 0.34603351706774493, 0.40008560833207174, 0.507630653574061, 0.24226170175116798, 0.381845697893081]
2022-01-25 21:02:19:INFO:-------------Training local models-------------
2022-01-25 21:06:55:INFO:-------------Aggregating local models-------------
2022-01-25 21:07:00:INFO:-------------Round number: 38-------------
2022-01-25 21:07:00:INFO:-------------Sending models-------------
2022-01-25 21:07:01:INFO:-------------Evaluating models-------------
2022-01-25 21:07:01:INFO:Average Global Accuracy and Loss for Each Task:
2022-01-25 21:07:01:INFO:Accuracy = [0.8828947368421053, 0.925, 0.8819078947368421, 0.8835526315789474, 0.8713815789473685, 0.8835526315789474, 0.8233552631578948, 0.8697368421052631, 0.9134868421052632, 0.90625]
2022-01-25 21:07:01:INFO:Loss = [0.2781388843755657, 0.2899141125001877, 0.4223063804581072, 0.2708727207534953, 0.32062052615162284, 0.34541056205661763, 0.4012423005907821, 0.5067911453910423, 0.24095609881145433, 0.382096630846622]
2022-01-25 21:07:01:INFO:-------------Training local models-------------
2022-01-25 21:11:38:INFO:-------------Aggregating local models-------------
2022-01-25 21:11:43:INFO:-------------Round number: 39-------------
2022-01-25 21:11:43:INFO:-------------Sending models-------------
2022-01-25 21:11:44:INFO:-------------Evaluating models-------------
2022-01-25 21:11:44:INFO:Average Global Accuracy and Loss for Each Task:
2022-01-25 21:11:44:INFO:Accuracy = [0.8838815789473684, 0.925, 0.8838815789473684, 0.8851973684210527, 0.8717105263157895, 0.8835526315789474, 0.8240131578947368, 0.8700657894736842, 0.9148026315789474, 0.9052631578947369]
2022-01-25 21:11:44:INFO:Loss = [0.2774598100921522, 0.2890540203475929, 0.42124773807594657, 0.27030251289100926, 0.3190282679543567, 0.34478894374287367, 0.4023881181963493, 0.5059973003548006, 0.2397308687434002, 0.3823825871107769]
2022-01-25 21:11:44:INFO:-------------Training local models-------------
2022-01-25 21:16:21:INFO:-------------Aggregating local models-------------
