2022-01-25 12:10:08:INFO:-------------Round number: 0-------------
2022-01-25 12:10:08:INFO:-------------Sending models-------------
2022-01-25 12:10:08:INFO:-------------Evaluating models-------------
2022-01-25 12:10:08:INFO:Average Global Accuracy and Loss for Each Task:
2022-01-25 12:10:08:INFO:Accuracy = [0.9, 0.9, 0.9, 0.9, 0.9, 0.1, 0.1, 0.1, 0.1, 0.9]
2022-01-25 12:10:08:INFO:Loss = [0.6600896209478379, 0.6541326016187667, 0.6659501135349274, 0.658126226067543, 0.6607228547334671, 0.7393991678953171, 0.7416691154241561, 0.7426417410373688, 0.742569524049759, 0.6688573807477951]
2022-01-25 12:10:08:INFO:-------------Training local models-------------
2022-01-25 12:12:26:INFO:-------------Aggregating local models-------------
2022-01-25 12:12:26:INFO:-------------Round number: 1-------------
2022-01-25 12:12:26:INFO:-------------Sending models-------------
2022-01-25 12:12:27:INFO:-------------Evaluating models-------------
2022-01-25 12:12:27:INFO:Average Global Accuracy and Loss for Each Task:
2022-01-25 12:12:27:INFO:Accuracy = [0.91375, 0.908125, 0.89625, 0.90875, 0.9075, 0.915625, 0.9, 0.896875, 0.915625, 0.866875]
2022-01-25 12:12:27:INFO:Loss = [0.2740035488270223, 0.3433455307036638, 0.35434044394642117, 0.3093790478073061, 0.3360786077566445, 0.35942100174725056, 0.33652267027646304, 0.3491526212543249, 0.31153806298971176, 0.4406622938811779]
2022-01-25 12:12:27:INFO:-------------Training local models-------------
2022-01-25 12:15:30:INFO:-------------Aggregating local models-------------
2022-01-25 12:15:31:INFO:-------------Round number: 2-------------
2022-01-25 12:15:31:INFO:-------------Sending models-------------
2022-01-25 12:15:31:INFO:-------------Evaluating models-------------
2022-01-25 12:15:32:INFO:Average Global Accuracy and Loss for Each Task:
2022-01-25 12:15:32:INFO:Accuracy = [0.91375, 0.919375, 0.90375, 0.905625, 0.904375, 0.908125, 0.909375, 0.91, 0.935625, 0.89]
2022-01-25 12:15:32:INFO:Loss = [0.19400484971702098, 0.24434289273340254, 0.25921433528419585, 0.22225716926623135, 0.23324635797180235, 0.24741202029399573, 0.2484199658036232, 0.256119885109365, 0.21281692394986748, 0.3094618909060955]
2022-01-25 12:15:32:INFO:-------------Training local models-------------
2022-01-25 12:23:41:INFO:-------------Aggregating local models-------------
2022-01-25 12:23:44:INFO:-------------Round number: 3-------------
2022-01-25 12:23:44:INFO:-------------Sending models-------------
2022-01-25 12:23:45:INFO:-------------Evaluating models-------------
2022-01-25 12:23:45:INFO:Average Global Accuracy and Loss for Each Task:
2022-01-25 12:23:45:INFO:Accuracy = [0.915625, 0.916875, 0.90125, 0.905625, 0.91375, 0.914375, 0.910625, 0.9125, 0.943125, 0.913125]
2022-01-25 12:23:45:INFO:Loss = [0.15899313241243362, 0.19259917087620124, 0.20738173165591434, 0.17445347517495974, 0.17745653189485894, 0.18825002395315096, 0.2086695349542424, 0.2122142759617418, 0.16615290434565394, 0.24157102960161864]
2022-01-25 12:23:45:INFO:-------------Training local models-------------
2022-01-25 12:33:04:INFO:-------------Aggregating local models-------------
2022-01-25 12:33:07:INFO:-------------Round number: 4-------------
2022-01-25 12:33:07:INFO:-------------Sending models-------------
2022-01-25 12:33:07:INFO:-------------Evaluating models-------------
2022-01-25 12:33:08:INFO:Average Global Accuracy and Loss for Each Task:
2022-01-25 12:33:08:INFO:Accuracy = [0.925, 0.918125, 0.909375, 0.925, 0.933125, 0.933125, 0.92, 0.923125, 0.948125, 0.93375]
2022-01-25 12:33:08:INFO:Loss = [0.13518564809346573, 0.15978505758102984, 0.17077160039916633, 0.14242196708801202, 0.14143392192199827, 0.15057684859493747, 0.1807556000072509, 0.1810362596763298, 0.1389641778776422, 0.1979959700256586]
2022-01-25 12:33:08:INFO:-------------Training local models-------------
2022-01-25 12:42:25:INFO:-------------Aggregating local models-------------
2022-01-25 12:42:28:INFO:-------------Round number: 5-------------
2022-01-25 12:42:28:INFO:-------------Sending models-------------
2022-01-25 12:42:28:INFO:-------------Evaluating models-------------
2022-01-25 12:42:29:INFO:Average Global Accuracy and Loss for Each Task:
2022-01-25 12:42:29:INFO:Accuracy = [0.93875, 0.93, 0.9225, 0.94625, 0.95, 0.955625, 0.93125, 0.933125, 0.954375, 0.941875]
2022-01-25 12:42:29:INFO:Loss = [0.11581467762007377, 0.1354637266660575, 0.14399938711430876, 0.1202874877024442, 0.11658965394599363, 0.12415246403543279, 0.1600639603799209, 0.15842969233635812, 0.12209641073131934, 0.16834108377806842]
2022-01-25 12:42:29:INFO:-------------Training local models-------------
2022-01-25 12:51:44:INFO:-------------Aggregating local models-------------
2022-01-25 12:51:47:INFO:-------------Round number: 6-------------
2022-01-25 12:51:47:INFO:-------------Sending models-------------
2022-01-25 12:51:47:INFO:-------------Evaluating models-------------
2022-01-25 12:51:48:INFO:Average Global Accuracy and Loss for Each Task:
2022-01-25 12:51:48:INFO:Accuracy = [0.94875, 0.945, 0.940625, 0.955625, 0.955625, 0.96875, 0.93875, 0.936875, 0.9575, 0.9475]
2022-01-25 12:51:48:INFO:Loss = [0.10060298563330435, 0.11686121643288061, 0.12439509492833167, 0.10462560927262529, 0.09943945069098845, 0.10549911379930563, 0.1450700459186919, 0.14236461563268676, 0.11097357082762756, 0.1477643861726392]
2022-01-25 12:51:48:INFO:-------------Training local models-------------
2022-01-25 13:00:57:INFO:-------------Aggregating local models-------------
2022-01-25 13:01:00:INFO:-------------Round number: 7-------------
2022-01-25 13:01:00:INFO:-------------Sending models-------------
2022-01-25 13:01:01:INFO:-------------Evaluating models-------------
2022-01-25 13:01:01:INFO:Average Global Accuracy and Loss for Each Task:
2022-01-25 13:01:01:INFO:Accuracy = [0.95375, 0.953125, 0.951875, 0.965, 0.959375, 0.974375, 0.939375, 0.93875, 0.958125, 0.949375]
2022-01-25 13:01:01:INFO:Loss = [0.08941047521075234, 0.10299214996630326, 0.10962936211144551, 0.09301678423362318, 0.08753166529349983, 0.09240461655717809, 0.13366851822356693, 0.13039449746138415, 0.1031079698150279, 0.13316051299916581]
2022-01-25 13:01:01:INFO:-------------Training local models-------------
2022-01-25 13:10:11:INFO:-------------Aggregating local models-------------
2022-01-25 13:10:14:INFO:-------------Round number: 8-------------
2022-01-25 13:10:14:INFO:-------------Sending models-------------
2022-01-25 13:10:14:INFO:-------------Evaluating models-------------
2022-01-25 13:10:15:INFO:Average Global Accuracy and Loss for Each Task:
2022-01-25 13:10:15:INFO:Accuracy = [0.959375, 0.956875, 0.960625, 0.971875, 0.96125, 0.97, 0.940625, 0.940625, 0.96, 0.95125]
2022-01-25 13:10:15:INFO:Loss = [0.08145394979510456, 0.09288134899688885, 0.09812997650005854, 0.08399091025057714, 0.0790864411770599, 0.083168550406117, 0.12455349441152067, 0.12102528525865637, 0.09722015372535679, 0.12246905686333776]
2022-01-25 13:10:15:INFO:-------------Training local models-------------
2022-01-25 13:19:24:INFO:-------------Aggregating local models-------------
2022-01-25 13:19:27:INFO:-------------Round number: 9-------------
2022-01-25 13:19:27:INFO:-------------Sending models-------------
2022-01-25 13:19:28:INFO:-------------Evaluating models-------------
2022-01-25 13:19:28:INFO:Average Global Accuracy and Loss for Each Task:
2022-01-25 13:19:28:INFO:Accuracy = [0.965, 0.959375, 0.966875, 0.97375, 0.965, 0.9675, 0.940625, 0.94125, 0.960625, 0.95125]
2022-01-25 13:19:28:INFO:Loss = [0.07575463343237061, 0.08550480952544603, 0.08886640502896626, 0.07668212124262937, 0.07288330441224389, 0.07651671090279706, 0.11706930435611866, 0.11348835380631499, 0.09263675376714672, 0.11437618586642202]
2022-01-25 13:19:28:INFO:-------------Training local models-------------
2022-01-25 13:28:38:INFO:-------------Aggregating local models-------------
2022-01-25 13:28:41:INFO:-------------Round number: 10-------------
2022-01-25 13:28:41:INFO:-------------Sending models-------------
2022-01-25 13:28:42:INFO:-------------Evaluating models-------------
2022-01-25 13:28:42:INFO:Average Global Accuracy and Loss for Each Task:
2022-01-25 13:28:42:INFO:Accuracy = [0.969375, 0.9625, 0.97, 0.97625, 0.96875, 0.9675, 0.941875, 0.94125, 0.963125, 0.95125]
2022-01-25 13:28:42:INFO:Loss = [0.07154459196317475, 0.08003522401559167, 0.08117465073883068, 0.07056868810905144, 0.06814867717330345, 0.07157907938526478, 0.11090033366344869, 0.10734731767443009, 0.08898018465552013, 0.10806762828724459]
2022-01-25 13:28:42:INFO:-------------Training local models-------------
2022-01-25 13:37:52:INFO:-------------Aggregating local models-------------
2022-01-25 13:37:55:INFO:-------------Round number: 11-------------
2022-01-25 13:37:55:INFO:-------------Sending models-------------
2022-01-25 13:37:55:INFO:-------------Evaluating models-------------
2022-01-25 13:37:56:INFO:Average Global Accuracy and Loss for Each Task:
2022-01-25 13:37:56:INFO:Accuracy = [0.971875, 0.965, 0.97375, 0.9775, 0.969375, 0.968125, 0.943125, 0.94125, 0.964375, 0.953125]
2022-01-25 13:37:56:INFO:Loss = [0.06828345356043428, 0.07585476623207796, 0.07462888946465682, 0.06534060702688294, 0.06441351780085824, 0.06778112619940657, 0.10578990746289492, 0.10228258459246717, 0.08600750575424172, 0.10303019376297015]
2022-01-25 13:37:56:INFO:-------------Training local models-------------
2022-01-25 13:47:06:INFO:-------------Aggregating local models-------------
2022-01-25 13:47:09:INFO:-------------Round number: 12-------------
2022-01-25 13:47:09:INFO:-------------Sending models-------------
2022-01-25 13:47:09:INFO:-------------Evaluating models-------------
2022-01-25 13:47:10:INFO:Average Global Accuracy and Loss for Each Task:
2022-01-25 13:47:10:INFO:Accuracy = [0.973125, 0.9675, 0.975, 0.97875, 0.970625, 0.96875, 0.9425, 0.941875, 0.966875, 0.953125]
2022-01-25 13:47:10:INFO:Loss = [0.06562787442962872, 0.07253636464593001, 0.06898465282720281, 0.060823103961593, 0.061393961554858836, 0.06477878169243922, 0.10147875041002408, 0.09799319203884807, 0.08355988198163686, 0.09892899632977788]
2022-01-25 13:47:10:INFO:-------------Training local models-------------
2022-01-25 13:56:20:INFO:-------------Aggregating local models-------------
2022-01-25 13:56:23:INFO:-------------Round number: 13-------------
2022-01-25 13:56:23:INFO:-------------Sending models-------------
2022-01-25 13:56:23:INFO:-------------Evaluating models-------------
2022-01-25 13:56:24:INFO:Average Global Accuracy and Loss for Each Task:
2022-01-25 13:56:24:INFO:Accuracy = [0.975625, 0.96875, 0.978125, 0.979375, 0.97625, 0.969375, 0.9425, 0.941875, 0.96625, 0.95625]
2022-01-25 13:56:24:INFO:Loss = [0.0633669995557284, 0.06980074815219268, 0.06408306731318589, 0.056889076199149714, 0.058900148255634124, 0.062343414314091204, 0.09773512099054642, 0.0942381314584054, 0.08151749141397886, 0.0955251064064214]
2022-01-25 13:56:24:INFO:-------------Training local models-------------
2022-01-25 14:05:33:INFO:-------------Aggregating local models-------------
2022-01-25 14:05:36:INFO:-------------Round number: 14-------------
2022-01-25 14:05:36:INFO:-------------Sending models-------------
2022-01-25 14:05:36:INFO:-------------Evaluating models-------------
2022-01-25 14:05:37:INFO:Average Global Accuracy and Loss for Each Task:
2022-01-25 14:05:37:INFO:Accuracy = [0.978125, 0.970625, 0.979375, 0.98125, 0.976875, 0.97, 0.943125, 0.9425, 0.965, 0.956875]
2022-01-25 14:05:37:INFO:Loss = [0.061363018739211836, 0.06745825378166045, 0.059811562446702736, 0.05344985402480233, 0.05681321832962567, 0.06032728563441196, 0.09436341823893599, 0.09082778702140785, 0.07980912935599918, 0.09266694116813597]
2022-01-25 14:05:37:INFO:-------------Training local models-------------
2022-01-25 14:14:46:INFO:-------------Aggregating local models-------------
2022-01-25 14:14:49:INFO:-------------Round number: 15-------------
2022-01-25 14:14:49:INFO:-------------Sending models-------------
2022-01-25 14:14:50:INFO:-------------Evaluating models-------------
2022-01-25 14:14:50:INFO:Average Global Accuracy and Loss for Each Task:
2022-01-25 14:14:50:INFO:Accuracy = [0.979375, 0.9725, 0.98, 0.981875, 0.98, 0.9725, 0.943125, 0.943125, 0.965, 0.9575]
2022-01-25 14:14:50:INFO:Loss = [0.05953794873785227, 0.06538712917681551, 0.05608202721632551, 0.05042896352824755, 0.05504219308058964, 0.058629431971348824, 0.09122224672755692, 0.08763321896549314, 0.07835785993229365, 0.09022494713717606]
2022-01-25 14:14:50:INFO:-------------Training local models-------------
2022-01-25 14:24:00:INFO:-------------Aggregating local models-------------
2022-01-25 14:24:03:INFO:-------------Round number: 16-------------
2022-01-25 14:24:03:INFO:-------------Sending models-------------
2022-01-25 14:24:04:INFO:-------------Evaluating models-------------
2022-01-25 14:24:04:INFO:Average Global Accuracy and Loss for Each Task:
2022-01-25 14:24:04:INFO:Accuracy = [0.981875, 0.973125, 0.98125, 0.9825, 0.98125, 0.975, 0.943125, 0.943125, 0.965, 0.95875]
2022-01-25 14:24:04:INFO:Loss = [0.05783560784329893, 0.06350190828670747, 0.05281867482408416, 0.047765790059929716, 0.05352875623502769, 0.05718485789839178, 0.08821469333197456, 0.08456704016716685, 0.07714850562624634, 0.0881402196449926]
2022-01-25 14:24:04:INFO:-------------Training local models-------------
2022-01-25 14:33:14:INFO:-------------Aggregating local models-------------
2022-01-25 14:33:17:INFO:-------------Round number: 17-------------
2022-01-25 14:33:17:INFO:-------------Sending models-------------
2022-01-25 14:33:18:INFO:-------------Evaluating models-------------
2022-01-25 14:33:18:INFO:Average Global Accuracy and Loss for Each Task:
2022-01-25 14:33:18:INFO:Accuracy = [0.981875, 0.976875, 0.983125, 0.984375, 0.983125, 0.97625, 0.94375, 0.94375, 0.965625, 0.96125]
2022-01-25 14:33:18:INFO:Loss = [0.05621981474978384, 0.061746538641455115, 0.049950570124201475, 0.04540586201474071, 0.05225435526954243, 0.05597217091708444, 0.08527491177956108, 0.08157201883732342, 0.07612364312808495, 0.08632562825077912]
2022-01-25 14:33:18:INFO:-------------Training local models-------------
2022-01-25 14:42:28:INFO:-------------Aggregating local models-------------
2022-01-25 14:42:31:INFO:-------------Round number: 18-------------
2022-01-25 14:42:31:INFO:-------------Sending models-------------
2022-01-25 14:42:31:INFO:-------------Evaluating models-------------
2022-01-25 14:42:32:INFO:Average Global Accuracy and Loss for Each Task:
2022-01-25 14:42:32:INFO:Accuracy = [0.981875, 0.978125, 0.983125, 0.985625, 0.98375, 0.979375, 0.94375, 0.945625, 0.968125, 0.964375]
2022-01-25 14:42:32:INFO:Loss = [0.054679200182727074, 0.06009304084291216, 0.04741716534626903, 0.04330069254356204, 0.0511823991939309, 0.054955043055815625, 0.08236072343715932, 0.07861339319497347, 0.07524912831431721, 0.08472421642945846]
2022-01-25 14:42:32:INFO:-------------Training local models-------------
2022-01-25 14:51:41:INFO:-------------Aggregating local models-------------
2022-01-25 14:51:44:INFO:-------------Round number: 19-------------
2022-01-25 14:51:44:INFO:-------------Sending models-------------
2022-01-25 14:51:44:INFO:-------------Evaluating models-------------
2022-01-25 14:51:45:INFO:Average Global Accuracy and Loss for Each Task:
2022-01-25 14:51:45:INFO:Accuracy = [0.98375, 0.97875, 0.984375, 0.985625, 0.984375, 0.981875, 0.94375, 0.948125, 0.968125, 0.965625]
2022-01-25 14:51:45:INFO:Loss = [0.05321100924702478, 0.05852670042513637, 0.045171312587626744, 0.041415663490624866, 0.05028151571750641, 0.05410351898681256, 0.07945744221215137, 0.07568262912100181, 0.07451608893607045, 0.08331521947839064]
2022-01-25 14:51:45:INFO:-------------Training local models-------------
2022-01-25 15:00:54:INFO:-------------Aggregating local models-------------
2022-01-25 15:00:57:INFO:-------------Round number: 20-------------
2022-01-25 15:00:57:INFO:-------------Sending models-------------
2022-01-25 15:00:58:INFO:-------------Evaluating models-------------
2022-01-25 15:00:58:INFO:Average Global Accuracy and Loss for Each Task:
2022-01-25 15:00:58:INFO:Accuracy = [0.983125, 0.980625, 0.98375, 0.98625, 0.98625, 0.9825, 0.946875, 0.95, 0.96875, 0.965625]
2022-01-25 15:00:58:INFO:Loss = [0.05181005311314948, 0.057034411479253325, 0.04317246916471049, 0.03972173052170547, 0.049531691804440926, 0.05339921255508671, 0.07655670318636112, 0.07277583707909799, 0.07393809309432982, 0.08210001376864966]
2022-01-25 15:00:58:INFO:-------------Training local models-------------
2022-01-25 15:10:08:INFO:-------------Aggregating local models-------------
2022-01-25 15:10:11:INFO:-------------Round number: 21-------------
2022-01-25 15:10:11:INFO:-------------Sending models-------------
2022-01-25 15:10:11:INFO:-------------Evaluating models-------------
2022-01-25 15:10:12:INFO:Average Global Accuracy and Loss for Each Task:
2022-01-25 15:10:12:INFO:Accuracy = [0.98375, 0.980625, 0.985625, 0.9875, 0.9875, 0.983125, 0.949375, 0.953125, 0.96875, 0.966875]
2022-01-25 15:10:12:INFO:Loss = [0.050467900990770434, 0.05560185153590282, 0.04138445024509565, 0.0381938445934793, 0.04890316683740821, 0.05281174405099591, 0.0736608607287053, 0.06990177699481137, 0.07355993289820617, 0.081108040518302]
2022-01-25 15:10:12:INFO:-------------Training local models-------------
2022-01-25 15:19:21:INFO:-------------Aggregating local models-------------
2022-01-25 15:19:24:INFO:-------------Round number: 22-------------
2022-01-25 15:19:24:INFO:-------------Sending models-------------
2022-01-25 15:19:25:INFO:-------------Evaluating models-------------
2022-01-25 15:19:25:INFO:Average Global Accuracy and Loss for Each Task:
2022-01-25 15:19:25:INFO:Accuracy = [0.984375, 0.98125, 0.985625, 0.9875, 0.9875, 0.983125, 0.95125, 0.956875, 0.969375, 0.9675]
2022-01-25 15:19:25:INFO:Loss = [0.04918273915973259, 0.0542228506252286, 0.03977752157225041, 0.03681001618024311, 0.048393573123030366, 0.05233881012609345, 0.07078031275741523, 0.06706710882135666, 0.07346222168707754, 0.08040932186559076]
2022-01-25 15:19:25:INFO:-------------Training local models-------------
2022-01-25 15:28:34:INFO:-------------Aggregating local models-------------
2022-01-25 15:28:37:INFO:-------------Round number: 23-------------
2022-01-25 15:28:37:INFO:-------------Sending models-------------
2022-01-25 15:28:38:INFO:-------------Evaluating models-------------
2022-01-25 15:28:38:INFO:Average Global Accuracy and Loss for Each Task:
2022-01-25 15:28:38:INFO:Accuracy = [0.984375, 0.981875, 0.98625, 0.9875, 0.9875, 0.983125, 0.954375, 0.96125, 0.96875, 0.96625]
2022-01-25 15:28:38:INFO:Loss = [0.047955045964044984, 0.05289633407082874, 0.038321129245741756, 0.03554471195966471, 0.04798498433592613, 0.05196181283026817, 0.06792768977902597, 0.06428947075182805, 0.07327682782270131, 0.07968654598953435]
2022-01-25 15:28:38:INFO:-------------Training local models-------------
2022-01-25 15:37:48:INFO:-------------Aggregating local models-------------
2022-01-25 15:37:51:INFO:-------------Round number: 24-------------
2022-01-25 15:37:51:INFO:-------------Sending models-------------
2022-01-25 15:37:51:INFO:-------------Evaluating models-------------
2022-01-25 15:37:52:INFO:Average Global Accuracy and Loss for Each Task:
2022-01-25 15:37:52:INFO:Accuracy = [0.985, 0.98125, 0.98625, 0.988125, 0.986875, 0.98375, 0.95625, 0.964375, 0.97, 0.96625]
2022-01-25 15:37:52:INFO:Loss = [0.04678668141132221, 0.05162689125572797, 0.036997867455647794, 0.03438750174755114, 0.04768447912210831, 0.051691512284014605, 0.06512861283845268, 0.0615931327585713, 0.07318019661834115, 0.07906653607933549]
2022-01-25 15:37:52:INFO:-------------Training local models-------------
2022-01-25 15:47:01:INFO:-------------Aggregating local models-------------
2022-01-25 15:47:04:INFO:-------------Round number: 25-------------
2022-01-25 15:47:04:INFO:-------------Sending models-------------
2022-01-25 15:47:05:INFO:-------------Evaluating models-------------
2022-01-25 15:47:05:INFO:Average Global Accuracy and Loss for Each Task:
2022-01-25 15:47:05:INFO:Accuracy = [0.985, 0.981875, 0.985625, 0.988125, 0.98625, 0.98375, 0.961875, 0.965, 0.97, 0.965625]
2022-01-25 15:47:05:INFO:Loss = [0.04567450305039529, 0.05041076585985138, 0.0357893875137961, 0.0333266651017766, 0.04744468837743625, 0.05147519715828821, 0.06241339425614569, 0.059005410363897684, 0.07319772577247932, 0.07857823683880269]
2022-01-25 15:47:05:INFO:-------------Training local models-------------
2022-01-25 15:56:15:INFO:-------------Aggregating local models-------------
2022-01-25 15:56:18:INFO:-------------Round number: 26-------------
2022-01-25 15:56:18:INFO:-------------Sending models-------------
2022-01-25 15:56:18:INFO:-------------Evaluating models-------------
2022-01-25 15:56:19:INFO:Average Global Accuracy and Loss for Each Task:
2022-01-25 15:56:19:INFO:Accuracy = [0.985625, 0.981875, 0.98625, 0.98875, 0.986875, 0.98375, 0.96625, 0.9675, 0.97, 0.965625]
2022-01-25 15:56:19:INFO:Loss = [0.044621816786821, 0.04925035449268762, 0.03467775975223049, 0.03234653031395283, 0.04724453169619665, 0.05129253715494997, 0.05978854497370776, 0.05653449352103053, 0.07332036326406524, 0.07821592466716538]
2022-01-25 15:56:19:INFO:-------------Training local models-------------
2022-01-25 16:05:28:INFO:-------------Aggregating local models-------------
2022-01-25 16:05:31:INFO:-------------Round number: 27-------------
2022-01-25 16:05:31:INFO:-------------Sending models-------------
2022-01-25 16:05:31:INFO:-------------Evaluating models-------------
2022-01-25 16:05:32:INFO:Average Global Accuracy and Loss for Each Task:
2022-01-25 16:05:32:INFO:Accuracy = [0.985625, 0.9825, 0.986875, 0.989375, 0.9875, 0.985, 0.96875, 0.97125, 0.96875, 0.96625]
2022-01-25 16:05:32:INFO:Loss = [0.04363138108674321, 0.048149534117692384, 0.03365508951246739, 0.03144169114966644, 0.047122956602834165, 0.05118388792034238, 0.05727540214575129, 0.054196520351979416, 0.0735617917176569, 0.07799983106597211]
2022-01-25 16:05:32:INFO:-------------Training local models-------------
2022-01-25 16:14:41:INFO:-------------Aggregating local models-------------
2022-01-25 16:14:44:INFO:-------------Round number: 28-------------
2022-01-25 16:14:44:INFO:-------------Sending models-------------
2022-01-25 16:14:45:INFO:-------------Evaluating models-------------
2022-01-25 16:14:45:INFO:Average Global Accuracy and Loss for Each Task:
2022-01-25 16:14:45:INFO:Accuracy = [0.985625, 0.98375, 0.986875, 0.989375, 0.986875, 0.984375, 0.97125, 0.9725, 0.969375, 0.965625]
2022-01-25 16:14:45:INFO:Loss = [0.042693317194789415, 0.047098616347648205, 0.03270942973031197, 0.030600927286286606, 0.04706633098976454, 0.0511344999744324, 0.05488582677062368, 0.05199483504839009, 0.07389033449799172, 0.07788930166716454]
2022-01-25 16:14:45:INFO:-------------Training local models-------------
2022-01-25 16:23:55:INFO:-------------Aggregating local models-------------
2022-01-25 16:23:58:INFO:-------------Round number: 29-------------
2022-01-25 16:23:58:INFO:-------------Sending models-------------
2022-01-25 16:23:58:INFO:-------------Evaluating models-------------
2022-01-25 16:23:59:INFO:Average Global Accuracy and Loss for Each Task:
2022-01-25 16:23:59:INFO:Accuracy = [0.985625, 0.98375, 0.9875, 0.99, 0.986875, 0.985, 0.97375, 0.9775, 0.969375, 0.965625]
2022-01-25 16:23:59:INFO:Loss = [0.04181305813981453, 0.046101993594493254, 0.03183279314034735, 0.02981898196376278, 0.04706011739981477, 0.05112858005231828, 0.05264855591667583, 0.04995237527618883, 0.07430450107422075, 0.07788902072134078]
2022-01-25 16:23:59:INFO:-------------Training local models-------------
2022-01-25 16:33:09:INFO:-------------Aggregating local models-------------
2022-01-25 16:33:12:INFO:-------------Round number: 30-------------
2022-01-25 16:33:12:INFO:-------------Sending models-------------
2022-01-25 16:33:12:INFO:-------------Evaluating models-------------
2022-01-25 16:33:13:INFO:Average Global Accuracy and Loss for Each Task:
2022-01-25 16:33:13:INFO:Accuracy = [0.98625, 0.984375, 0.989375, 0.990625, 0.986875, 0.985, 0.97625, 0.97875, 0.97, 0.965625]
2022-01-25 16:33:13:INFO:Loss = [0.04098208806681214, 0.045155305341177156, 0.031018584156845462, 0.029090334047214127, 0.04711093008663738, 0.051176610971742774, 0.05055580371117685, 0.04805980333767366, 0.07482400253938977, 0.07801801016757963]
2022-01-25 16:33:13:INFO:-------------Training local models-------------
2022-01-25 16:42:22:INFO:-------------Aggregating local models-------------
2022-01-25 16:42:25:INFO:-------------Round number: 31-------------
2022-01-25 16:42:25:INFO:-------------Sending models-------------
2022-01-25 16:42:26:INFO:-------------Evaluating models-------------
2022-01-25 16:42:26:INFO:Average Global Accuracy and Loss for Each Task:
2022-01-25 16:42:26:INFO:Accuracy = [0.986875, 0.985, 0.989375, 0.990625, 0.985625, 0.984375, 0.978125, 0.980625, 0.97, 0.965]
2022-01-25 16:42:26:INFO:Loss = [0.04019827929296298, 0.044256742621655576, 0.030258270460763015, 0.028407114740548422, 0.04721676545959781, 0.05127809965670167, 0.048609199257043656, 0.046310153605008966, 0.07540871315432014, 0.07823764626082266]
2022-01-25 16:42:26:INFO:-------------Training local models-------------
2022-01-25 16:51:36:INFO:-------------Aggregating local models-------------
2022-01-25 16:51:39:INFO:-------------Round number: 32-------------
2022-01-25 16:51:39:INFO:-------------Sending models-------------
2022-01-25 16:51:39:INFO:-------------Evaluating models-------------
2022-01-25 16:51:40:INFO:Average Global Accuracy and Loss for Each Task:
2022-01-25 16:51:40:INFO:Accuracy = [0.9875, 0.985625, 0.989375, 0.990625, 0.985625, 0.98375, 0.979375, 0.984375, 0.969375, 0.965625]
2022-01-25 16:51:40:INFO:Loss = [0.039475950945416116, 0.04342250714544207, 0.0295452000485966, 0.02776528864415013, 0.0473643676014035, 0.05142005956477078, 0.046808494995639195, 0.04469993509410415, 0.07609263357080635, 0.07857400972716277]
2022-01-25 16:51:40:INFO:-------------Training local models-------------
2022-01-25 17:00:50:INFO:-------------Aggregating local models-------------
2022-01-25 17:00:53:INFO:-------------Round number: 33-------------
2022-01-25 17:00:53:INFO:-------------Sending models-------------
2022-01-25 17:00:53:INFO:-------------Evaluating models-------------
2022-01-25 17:00:54:INFO:Average Global Accuracy and Loss for Each Task:
2022-01-25 17:00:54:INFO:Accuracy = [0.9875, 0.985625, 0.989375, 0.990625, 0.985625, 0.98375, 0.98, 0.984375, 0.969375, 0.965625]
2022-01-25 17:00:54:INFO:Loss = [0.03878653246210888, 0.04262182543607196, 0.028876034185668687, 0.02716247295757057, 0.04755268770677503, 0.051598935042420635, 0.045150245573313444, 0.04322345862892689, 0.07684241201059194, 0.07899493700679158]
2022-01-25 17:00:54:INFO:-------------Training local models-------------
2022-01-25 17:10:04:INFO:-------------Aggregating local models-------------
2022-01-25 17:10:07:INFO:-------------Round number: 34-------------
2022-01-25 17:10:07:INFO:-------------Sending models-------------
2022-01-25 17:10:07:INFO:-------------Evaluating models-------------
2022-01-25 17:10:08:INFO:Average Global Accuracy and Loss for Each Task:
2022-01-25 17:10:08:INFO:Accuracy = [0.988125, 0.986875, 0.99, 0.991875, 0.985, 0.98375, 0.98125, 0.985, 0.968125, 0.965625]
2022-01-25 17:10:08:INFO:Loss = [0.03811762055811414, 0.04184487285165232, 0.02824786052951822, 0.026595263002673165, 0.04778299551398959, 0.051817686015783695, 0.043628262098354756, 0.04187404900148976, 0.077680358926591, 0.07951823366674944]
2022-01-25 17:10:08:INFO:-------------Training local models-------------
2022-01-25 17:19:18:INFO:-------------Aggregating local models-------------
2022-01-25 17:19:21:INFO:-------------Round number: 35-------------
2022-01-25 17:19:21:INFO:-------------Sending models-------------
2022-01-25 17:19:21:INFO:-------------Evaluating models-------------
2022-01-25 17:19:22:INFO:Average Global Accuracy and Loss for Each Task:
2022-01-25 17:19:22:INFO:Accuracy = [0.988125, 0.986875, 0.99, 0.990625, 0.985, 0.983125, 0.983125, 0.98625, 0.9675, 0.965625]
2022-01-25 17:19:22:INFO:Loss = [0.03749025501419965, 0.04111397353117354, 0.027655463400878943, 0.026058284479222493, 0.04804819371420308, 0.05207093793178501, 0.042240293198847215, 0.04064775492734043, 0.07858327908033971, 0.08012265849174582]
2022-01-25 17:19:22:INFO:-------------Training local models-------------
2022-01-25 17:28:31:INFO:-------------Aggregating local models-------------
2022-01-25 17:28:34:INFO:-------------Round number: 36-------------
2022-01-25 17:28:34:INFO:-------------Sending models-------------
2022-01-25 17:28:34:INFO:-------------Evaluating models-------------
2022-01-25 17:28:35:INFO:Average Global Accuracy and Loss for Each Task:
2022-01-25 17:28:35:INFO:Accuracy = [0.988125, 0.986875, 0.99, 0.990625, 0.984375, 0.983125, 0.985, 0.98625, 0.966875, 0.965625]
2022-01-25 17:28:35:INFO:Loss = [0.03689861342136282, 0.040420558436744615, 0.027096554144372932, 0.025550630111320062, 0.0483364243653341, 0.052346471759665295, 0.0409813540711184, 0.03953699815319851, 0.07950308350773412, 0.08076481999451061]
2022-01-25 17:28:35:INFO:-------------Training local models-------------
2022-01-25 17:37:44:INFO:-------------Aggregating local models-------------
2022-01-25 17:37:47:INFO:-------------Round number: 37-------------
2022-01-25 17:37:47:INFO:-------------Sending models-------------
2022-01-25 17:37:48:INFO:-------------Evaluating models-------------
2022-01-25 17:37:48:INFO:Average Global Accuracy and Loss for Each Task:
2022-01-25 17:37:48:INFO:Accuracy = [0.988125, 0.986875, 0.99, 0.990625, 0.984375, 0.983125, 0.985625, 0.98625, 0.965625, 0.965]
2022-01-25 17:37:48:INFO:Loss = [0.03635098894919793, 0.03977732005587313, 0.026568153473635902, 0.025070253933881757, 0.04865130541984399, 0.05264646932700998, 0.039831544885237234, 0.038525014754850415, 0.08043731294565078, 0.08143666998512344]
2022-01-25 17:37:48:INFO:-------------Training local models-------------
2022-01-25 17:46:58:INFO:-------------Aggregating local models-------------
2022-01-25 17:47:01:INFO:-------------Round number: 38-------------
2022-01-25 17:47:01:INFO:-------------Sending models-------------
2022-01-25 17:47:01:INFO:-------------Evaluating models-------------
2022-01-25 17:47:02:INFO:Average Global Accuracy and Loss for Each Task:
2022-01-25 17:47:02:INFO:Accuracy = [0.989375, 0.986875, 0.99, 0.990625, 0.984375, 0.983125, 0.985625, 0.986875, 0.964375, 0.965]
2022-01-25 17:47:02:INFO:Loss = [0.035846168735588435, 0.039181371924496486, 0.026066536521102534, 0.024613008459709818, 0.04898476987473259, 0.0529629433673108, 0.03878259957273258, 0.03760315045437892, 0.08140125490608625, 0.08215197721729055]
2022-01-25 17:47:02:INFO:-------------Training local models-------------
2022-01-25 17:56:11:INFO:-------------Aggregating local models-------------
2022-01-25 17:56:14:INFO:-------------Round number: 39-------------
2022-01-25 17:56:14:INFO:-------------Sending models-------------
2022-01-25 17:56:15:INFO:-------------Evaluating models-------------
2022-01-25 17:56:15:INFO:Average Global Accuracy and Loss for Each Task:
2022-01-25 17:56:15:INFO:Accuracy = [0.989375, 0.986875, 0.99, 0.990625, 0.98375, 0.9825, 0.986875, 0.986875, 0.964375, 0.964375]
2022-01-25 17:56:15:INFO:Loss = [0.035378739097359356, 0.03862726046718308, 0.02558940496383002, 0.0241778223124129, 0.04933207314934407, 0.05329183669273334, 0.03782545950452913, 0.03676399753167061, 0.08243347574825748, 0.08294243309792364]
2022-01-25 17:56:15:INFO:-------------Training local models-------------
2022-01-25 18:05:24:INFO:-------------Aggregating local models-------------
