2022-01-25 12:18:31:INFO:-------------Round number: 0-------------
2022-01-25 12:18:31:INFO:-------------Sending models-------------
2022-01-25 12:18:31:INFO:-------------Evaluating models-------------
2022-01-25 12:18:32:INFO:Average Global Accuracy and Loss for Each Task:
2022-01-25 12:18:32:INFO:Accuracy = [0.9, 0.9, 0.9, 0.9, 0.9, 0.1, 0.1, 0.1, 0.1, 0.9]
2022-01-25 12:18:32:INFO:Loss = [0.6600896209478379, 0.6541326016187667, 0.6659501135349274, 0.658126226067543, 0.6607228547334671, 0.7393991678953171, 0.7416691154241561, 0.7426417410373688, 0.742569524049759, 0.6688573807477951]
2022-01-25 12:18:32:INFO:-------------Training local models-------------
2022-01-25 12:49:43:INFO:-------------Aggregating local models-------------
2022-01-25 12:49:46:INFO:-------------Round number: 1-------------
2022-01-25 12:49:46:INFO:-------------Sending models-------------
2022-01-25 12:49:46:INFO:-------------Evaluating models-------------
2022-01-25 12:49:47:INFO:Average Global Accuracy and Loss for Each Task:
2022-01-25 12:49:47:INFO:Accuracy = [0.918125, 0.916875, 0.900625, 0.911875, 0.918125, 0.916875, 0.9125, 0.91625, 0.945, 0.9275]
2022-01-25 12:49:47:INFO:Loss = [0.1503683836548589, 0.18000999735668302, 0.19341691748704762, 0.16200667379889638, 0.16354227737756447, 0.17367955835070462, 0.19834982657339423, 0.2005910605425015, 0.15526050054468216, 0.2244736962253228]
2022-01-25 12:49:47:INFO:-------------Training local models-------------
2022-01-25 13:21:04:INFO:-------------Aggregating local models-------------
2022-01-25 13:21:07:INFO:-------------Round number: 2-------------
2022-01-25 13:21:07:INFO:-------------Sending models-------------
2022-01-25 13:21:07:INFO:-------------Evaluating models-------------
2022-01-25 13:21:08:INFO:Average Global Accuracy and Loss for Each Task:
2022-01-25 13:21:08:INFO:Accuracy = [0.953125, 0.951875, 0.946875, 0.963125, 0.956875, 0.9725, 0.938125, 0.938125, 0.958125, 0.948125]
2022-01-25 13:21:08:INFO:Loss = [0.092164315332775, 0.1060906809347216, 0.11235544387018308, 0.09520958630600944, 0.09009549324400723, 0.0951519315072801, 0.13615353559143842, 0.13292103072162717, 0.10490261292143259, 0.1360925915883854]
2022-01-25 13:21:08:INFO:-------------Training local models-------------
2022-01-25 13:52:08:INFO:-------------Aggregating local models-------------
2022-01-25 13:52:11:INFO:-------------Round number: 3-------------
2022-01-25 13:52:11:INFO:-------------Sending models-------------
2022-01-25 13:52:11:INFO:-------------Evaluating models-------------
2022-01-25 13:52:12:INFO:Average Global Accuracy and Loss for Each Task:
2022-01-25 13:52:12:INFO:Accuracy = [0.969375, 0.96375, 0.971875, 0.976875, 0.96875, 0.966875, 0.941875, 0.94125, 0.96375, 0.95125]
2022-01-25 13:52:12:INFO:Loss = [0.07106684977479745, 0.07910011720960028, 0.07888814221078064, 0.06879250096244505, 0.0672897345124511, 0.07068248511932325, 0.10946560585289263, 0.10588292315951549, 0.08846186556038446, 0.10676468182064128]
2022-01-25 13:52:12:INFO:-------------Training local models-------------
2022-01-25 14:22:58:INFO:-------------Aggregating local models-------------
2022-01-25 14:23:01:INFO:-------------Round number: 4-------------
2022-01-25 14:23:01:INFO:-------------Sending models-------------
2022-01-25 14:23:02:INFO:-------------Evaluating models-------------
2022-01-25 14:23:02:INFO:Average Global Accuracy and Loss for Each Task:
2022-01-25 14:23:02:INFO:Accuracy = [0.9775, 0.97, 0.978125, 0.98, 0.976875, 0.97, 0.9425, 0.941875, 0.965, 0.956875]
2022-01-25 14:23:02:INFO:Loss = [0.06212822724628495, 0.06810863027203595, 0.05995519140124088, 0.05360249231744092, 0.057406158675439654, 0.06092661029251758, 0.09482679688371717, 0.09125380027689971, 0.08063840886316029, 0.09348894025315531]
2022-01-25 14:23:02:INFO:-------------Training local models-------------
2022-01-25 14:53:47:INFO:-------------Aggregating local models-------------
2022-01-25 14:53:50:INFO:-------------Round number: 5-------------
2022-01-25 14:53:50:INFO:-------------Sending models-------------
2022-01-25 14:53:50:INFO:-------------Evaluating models-------------
2022-01-25 14:53:51:INFO:Average Global Accuracy and Loss for Each Task:
2022-01-25 14:53:51:INFO:Accuracy = [0.9825, 0.976875, 0.98375, 0.984375, 0.983125, 0.97875, 0.94375, 0.943125, 0.9675, 0.964375]
2022-01-25 14:53:51:INFO:Loss = [0.05588559682219056, 0.06119292491930537, 0.048146883407025595, 0.04393469903807272, 0.05207904095732374, 0.055853633072547385, 0.08358459538430907, 0.07982063093804755, 0.07661628700734582, 0.08624375768413302]
2022-01-25 14:53:51:INFO:-------------Training local models-------------
2022-01-25 15:24:37:INFO:-------------Aggregating local models-------------
2022-01-25 15:24:40:INFO:-------------Round number: 6-------------
2022-01-25 15:24:40:INFO:-------------Sending models-------------
2022-01-25 15:24:40:INFO:-------------Evaluating models-------------
2022-01-25 15:24:41:INFO:Average Global Accuracy and Loss for Each Task:
2022-01-25 15:24:41:INFO:Accuracy = [0.983125, 0.980625, 0.985, 0.9875, 0.9875, 0.983125, 0.94875, 0.953125, 0.968125, 0.966875]
2022-01-25 15:24:41:INFO:Loss = [0.05057260895700892, 0.0555116466122854, 0.04048664594301954, 0.03744051811445388, 0.049275322459288874, 0.053228228352963924, 0.07246335171366809, 0.06870683078741421, 0.07497362829381019, 0.08211508739332203]
2022-01-25 15:24:41:INFO:-------------Training local models-------------
2022-01-25 15:55:26:INFO:-------------Aggregating local models-------------
2022-01-25 15:55:29:INFO:-------------Round number: 7-------------
2022-01-25 15:55:29:INFO:-------------Sending models-------------
2022-01-25 15:55:30:INFO:-------------Evaluating models-------------
2022-01-25 15:55:30:INFO:Average Global Accuracy and Loss for Each Task:
2022-01-25 15:55:30:INFO:Accuracy = [0.985, 0.9825, 0.98625, 0.989375, 0.985, 0.98375, 0.961875, 0.96625, 0.968125, 0.965]
2022-01-25 15:55:30:INFO:Loss = [0.045994957337825326, 0.05053363937913673, 0.03521004971989896, 0.032830318643391365, 0.04809708553511882, 0.05216870271251537, 0.06147915166657185, 0.058133150546927935, 0.07533477480756119, 0.0803428127670486]
2022-01-25 15:55:30:INFO:-------------Training local models-------------
2022-01-25 16:26:15:INFO:-------------Aggregating local models-------------
2022-01-25 16:26:18:INFO:-------------Round number: 8-------------
2022-01-25 16:26:18:INFO:-------------Sending models-------------
2022-01-25 16:26:19:INFO:-------------Evaluating models-------------
2022-01-25 16:26:19:INFO:Average Global Accuracy and Loss for Each Task:
2022-01-25 16:26:19:INFO:Accuracy = [0.985625, 0.98375, 0.98875, 0.99, 0.985625, 0.98375, 0.975, 0.976875, 0.966875, 0.96375]
2022-01-25 16:26:19:INFO:Loss = [0.04221429788158275, 0.0462962494151725, 0.03133419479345321, 0.02938503410478006, 0.047925353080790954, 0.05202954867418157, 0.051834051019977775, 0.04924223368434468, 0.07725905888582929, 0.0804389944896684]
2022-01-25 16:26:19:INFO:-------------Training local models-------------
2022-01-25 16:57:05:INFO:-------------Aggregating local models-------------
2022-01-25 16:57:08:INFO:-------------Round number: 9-------------
2022-01-25 16:57:08:INFO:-------------Sending models-------------
2022-01-25 16:57:09:INFO:-------------Evaluating models-------------
2022-01-25 16:57:09:INFO:Average Global Accuracy and Loss for Each Task:
2022-01-25 16:57:09:INFO:Accuracy = [0.9875, 0.985625, 0.990625, 0.99, 0.985, 0.9825, 0.98125, 0.98375, 0.965625, 0.965]
2022-01-25 16:57:09:INFO:Loss = [0.039188528861996016, 0.042802983331057476, 0.02834725019420148, 0.026695134488181792, 0.04863715884130215, 0.05271338199963793, 0.044381737663934474, 0.04257735590072116, 0.08079618089395808, 0.08248130254287389]
2022-01-25 16:57:09:INFO:-------------Training local models-------------
2022-01-25 17:27:56:INFO:-------------Aggregating local models-------------
2022-01-25 17:27:59:INFO:-------------Round number: 10-------------
2022-01-25 17:27:59:INFO:-------------Sending models-------------
2022-01-25 17:27:59:INFO:-------------Evaluating models-------------
2022-01-25 17:28:00:INFO:Average Global Accuracy and Loss for Each Task:
2022-01-25 17:28:00:INFO:Accuracy = [0.9875, 0.98625, 0.991875, 0.990625, 0.984375, 0.98125, 0.986875, 0.98625, 0.961875, 0.9625]
2022-01-25 17:28:00:INFO:Loss = [0.0367409335609409, 0.039933702327107315, 0.025960311249582445, 0.024523968610810697, 0.04999805350489624, 0.05401578261080431, 0.03910326423938386, 0.03792664654756663, 0.08567142605606932, 0.08611299283293192]
2022-01-25 17:28:00:INFO:-------------Training local models-------------
2022-01-25 17:58:45:INFO:-------------Aggregating local models-------------
2022-01-25 17:58:48:INFO:-------------Round number: 11-------------
2022-01-25 17:58:48:INFO:-------------Sending models-------------
2022-01-25 17:58:48:INFO:-------------Evaluating models-------------
2022-01-25 17:58:49:INFO:Average Global Accuracy and Loss for Each Task:
2022-01-25 17:58:49:INFO:Accuracy = [0.98875, 0.98625, 0.99125, 0.99125, 0.98125, 0.98125, 0.98625, 0.985625, 0.959375, 0.96]
2022-01-25 17:58:49:INFO:Loss = [0.03490176291415992, 0.03774661467105034, 0.024001175318699098, 0.022726843913915218, 0.05178125334095966, 0.055719276487070604, 0.03547432354025659, 0.0347596545725537, 0.09138453473169647, 0.09079843151630484]
2022-01-25 17:58:49:INFO:-------------Training local models-------------
2022-01-25 18:29:26:INFO:-------------Aggregating local models-------------
2022-01-25 18:29:29:INFO:-------------Round number: 12-------------
2022-01-25 18:29:29:INFO:-------------Sending models-------------
2022-01-25 18:29:30:INFO:-------------Evaluating models-------------
2022-01-25 18:29:30:INFO:Average Global Accuracy and Loss for Each Task:
2022-01-25 18:29:30:INFO:Accuracy = [0.989375, 0.986875, 0.9925, 0.9925, 0.980625, 0.98, 0.9875, 0.9875, 0.955625, 0.95625]
2022-01-25 18:29:30:INFO:Loss = [0.033487495572626355, 0.036061044371308526, 0.022383431402704445, 0.021234252431895584, 0.053810617016279136, 0.05766789091467217, 0.03294885519426316, 0.03257332650100579, 0.09808251454887795, 0.0965297323451523]
2022-01-25 18:29:30:INFO:-------------Training local models-------------
2022-01-25 19:00:08:INFO:-------------Aggregating local models-------------
2022-01-25 19:00:11:INFO:-------------Round number: 13-------------
2022-01-25 19:00:11:INFO:-------------Sending models-------------
2022-01-25 19:00:11:INFO:-------------Evaluating models-------------
2022-01-25 19:00:12:INFO:Average Global Accuracy and Loss for Each Task:
2022-01-25 19:00:12:INFO:Accuracy = [0.989375, 0.988125, 0.993125, 0.99375, 0.979375, 0.978125, 0.988125, 0.9875, 0.955625, 0.955625]
2022-01-25 19:00:12:INFO:Loss = [0.032371921123558425, 0.03473586530017201, 0.021038898853657884, 0.019988105068841834, 0.05593681831014692, 0.05972924571979092, 0.031189785129390656, 0.031066580839978996, 0.10488561874444713, 0.10245639502281847]
2022-01-25 19:00:12:INFO:-------------Training local models-------------
2022-01-25 19:30:55:INFO:-------------Aggregating local models-------------
2022-01-25 19:30:58:INFO:-------------Round number: 14-------------
2022-01-25 19:30:58:INFO:-------------Sending models-------------
2022-01-25 19:30:58:INFO:-------------Evaluating models-------------
2022-01-25 19:30:59:INFO:Average Global Accuracy and Loss for Each Task:
2022-01-25 19:30:59:INFO:Accuracy = [0.98875, 0.9875, 0.993125, 0.99375, 0.976875, 0.97625, 0.98875, 0.989375, 0.954375, 0.954375]
2022-01-25 19:30:59:INFO:Loss = [0.031495780873956394, 0.03369181436137296, 0.019900516902271192, 0.018928414880792842, 0.05816541816093377, 0.06191250692463655, 0.03001045310375048, 0.03006231175022549, 0.11156600290960342, 0.1084194117840525]
2022-01-25 19:30:59:INFO:-------------Training local models-------------
2022-01-25 20:01:41:INFO:-------------Aggregating local models-------------
2022-01-25 20:01:44:INFO:-------------Round number: 15-------------
2022-01-25 20:01:44:INFO:-------------Sending models-------------
2022-01-25 20:01:44:INFO:-------------Evaluating models-------------
2022-01-25 20:01:45:INFO:Average Global Accuracy and Loss for Each Task:
2022-01-25 20:01:45:INFO:Accuracy = [0.988125, 0.9875, 0.993125, 0.994375, 0.975, 0.975, 0.989375, 0.99, 0.95125, 0.951875]
2022-01-25 20:01:45:INFO:Loss = [0.03078856049833121, 0.03285139764266205, 0.01893927992095996, 0.018032326006505173, 0.060380224779510175, 0.06410021006122406, 0.029163753704051488, 0.029349282477778616, 0.11813228155660908, 0.1143494234776881]
2022-01-25 20:01:45:INFO:-------------Training local models-------------
2022-01-25 20:32:28:INFO:-------------Aggregating local models-------------
2022-01-25 20:32:31:INFO:-------------Round number: 16-------------
2022-01-25 20:32:31:INFO:-------------Sending models-------------
2022-01-25 20:32:31:INFO:-------------Evaluating models-------------
2022-01-25 20:32:32:INFO:Average Global Accuracy and Loss for Each Task:
2022-01-25 20:32:32:INFO:Accuracy = [0.98875, 0.988125, 0.993125, 0.994375, 0.97375, 0.97375, 0.99, 0.990625, 0.95, 0.95125]
2022-01-25 20:32:32:INFO:Loss = [0.030228132409683896, 0.03218323928085738, 0.018099581668502653, 0.017252039086815784, 0.06255202983084018, 0.06625555005084607, 0.028590223301580408, 0.028872557788781707, 0.12449235487620172, 0.12016147492431628]
2022-01-25 20:32:32:INFO:-------------Training local models-------------
2022-01-25 21:03:15:INFO:-------------Aggregating local models-------------
2022-01-25 21:03:18:INFO:-------------Round number: 17-------------
2022-01-25 21:03:18:INFO:-------------Sending models-------------
2022-01-25 21:03:18:INFO:-------------Evaluating models-------------
2022-01-25 21:03:19:INFO:Average Global Accuracy and Loss for Each Task:
2022-01-25 21:03:19:INFO:Accuracy = [0.989375, 0.98875, 0.995, 0.994375, 0.97375, 0.973125, 0.990625, 0.990625, 0.94625, 0.95125]
2022-01-25 21:03:19:INFO:Loss = [0.029797816880090977, 0.03166872665278788, 0.017372123590030243, 0.016576854735103553, 0.06467194268116146, 0.06837551911394257, 0.028198102649184875, 0.0285569164694607, 0.1307144495916873, 0.1259195301547152]
2022-01-25 21:03:19:INFO:-------------Training local models-------------
2022-01-25 21:33:56:INFO:-------------Aggregating local models-------------
2022-01-25 21:33:59:INFO:-------------Round number: 18-------------
2022-01-25 21:33:59:INFO:-------------Sending models-------------
2022-01-25 21:33:59:INFO:-------------Evaluating models-------------
2022-01-25 21:34:00:INFO:Average Global Accuracy and Loss for Each Task:
2022-01-25 21:34:00:INFO:Accuracy = [0.99, 0.989375, 0.995, 0.995, 0.973125, 0.973125, 0.990625, 0.990625, 0.94375, 0.949375]
2022-01-25 21:34:00:INFO:Loss = [0.02944822120189201, 0.031254074768003196, 0.01674181106973265, 0.015992636794544525, 0.0667204409815895, 0.07043001512483897, 0.027896746178885223, 0.02831213939243753, 0.13664009318290482, 0.13146545883973887]
2022-01-25 21:34:00:INFO:-------------Training local models-------------
2022-01-25 22:04:38:INFO:-------------Aggregating local models-------------
2022-01-25 22:04:41:INFO:-------------Round number: 19-------------
2022-01-25 22:04:41:INFO:-------------Sending models-------------
2022-01-25 22:04:42:INFO:-------------Evaluating models-------------
2022-01-25 22:04:42:INFO:Average Global Accuracy and Loss for Each Task:
2022-01-25 22:04:42:INFO:Accuracy = [0.990625, 0.989375, 0.995625, 0.995625, 0.9725, 0.9725, 0.990625, 0.990625, 0.9425, 0.945]
2022-01-25 22:04:42:INFO:Loss = [0.02915491837211448, 0.03091235712836351, 0.016206978577793053, 0.015498955186740205, 0.06870195069386682, 0.07242277812747488, 0.02774897433409933, 0.02819554737288854, 0.14223746081042918, 0.13675509088570834]
2022-01-25 22:04:42:INFO:-------------Training local models-------------
2022-01-25 22:35:20:INFO:-------------Aggregating local models-------------
2022-01-25 22:35:23:INFO:-------------Round number: 20-------------
2022-01-25 22:35:23:INFO:-------------Sending models-------------
2022-01-25 22:35:24:INFO:-------------Evaluating models-------------
2022-01-25 22:35:24:INFO:Average Global Accuracy and Loss for Each Task:
2022-01-25 22:35:24:INFO:Accuracy = [0.991875, 0.989375, 0.99625, 0.995625, 0.971875, 0.970625, 0.990625, 0.99, 0.9425, 0.943125]
2022-01-25 22:35:24:INFO:Loss = [0.02889684047040646, 0.030616312953134182, 0.01574433207097172, 0.015074638065198088, 0.07057970501700765, 0.07431921885836346, 0.02770766441390151, 0.028179500038095284, 0.14752801951854053, 0.14180379158824508]
2022-01-25 22:35:24:INFO:-------------Training local models-------------
2022-01-25 23:06:04:INFO:-------------Aggregating local models-------------
2022-01-25 23:06:07:INFO:-------------Round number: 21-------------
2022-01-25 23:06:07:INFO:-------------Sending models-------------
2022-01-25 23:06:07:INFO:-------------Evaluating models-------------
2022-01-25 23:06:08:INFO:Average Global Accuracy and Loss for Each Task:
2022-01-25 23:06:08:INFO:Accuracy = [0.991875, 0.989375, 0.99625, 0.99625, 0.970625, 0.97, 0.990625, 0.99, 0.941875, 0.941875]
2022-01-25 23:06:08:INFO:Loss = [0.028662279106720236, 0.03035586955375038, 0.015334168113440683, 0.01469990238929313, 0.07240066292779375, 0.07616204856185504, 0.027692236928123747, 0.02818887933390215, 0.15252404959210253, 0.14658466857435998]
2022-01-25 23:06:08:INFO:-------------Training local models-------------
2022-01-25 23:36:47:INFO:-------------Aggregating local models-------------
2022-01-25 23:36:50:INFO:-------------Round number: 22-------------
2022-01-25 23:36:50:INFO:-------------Sending models-------------
2022-01-25 23:36:50:INFO:-------------Evaluating models-------------
2022-01-25 23:36:51:INFO:Average Global Accuracy and Loss for Each Task:
2022-01-25 23:36:51:INFO:Accuracy = [0.991875, 0.99, 0.99625, 0.996875, 0.96875, 0.969375, 0.99125, 0.990625, 0.94125, 0.940625]
2022-01-25 23:36:51:INFO:Loss = [0.028407368733860495, 0.030079750573167984, 0.014972867033065995, 0.014373333410185296, 0.074114464352715, 0.07790083696891088, 0.027743370595999295, 0.028258897142950445, 0.1580620691216609, 0.15182577071791456]
2022-01-25 23:36:51:INFO:-------------Training local models-------------
2022-01-26 00:07:30:INFO:-------------Aggregating local models-------------
2022-01-26 00:07:33:INFO:-------------Round number: 23-------------
2022-01-26 00:07:33:INFO:-------------Sending models-------------
2022-01-26 00:07:34:INFO:-------------Evaluating models-------------
2022-01-26 00:07:34:INFO:Average Global Accuracy and Loss for Each Task:
2022-01-26 00:07:34:INFO:Accuracy = [0.99125, 0.99, 0.99625, 0.996875, 0.968125, 0.96875, 0.99125, 0.990625, 0.94, 0.940625]
2022-01-26 00:07:34:INFO:Loss = [0.028166570666871848, 0.029829431383950576, 0.014650546866141667, 0.014083018571545836, 0.07576096881548437, 0.07957470995097538, 0.027824456251619268, 0.02835225829767296, 0.16221972751445718, 0.155815926737705]
2022-01-26 00:07:34:INFO:-------------Training local models-------------
2022-01-26 00:38:14:INFO:-------------Aggregating local models-------------
2022-01-26 00:38:17:INFO:-------------Round number: 24-------------
2022-01-26 00:38:17:INFO:-------------Sending models-------------
2022-01-26 00:38:17:INFO:-------------Evaluating models-------------
2022-01-26 00:38:18:INFO:Average Global Accuracy and Loss for Each Task:
2022-01-26 00:38:18:INFO:Accuracy = [0.99125, 0.99, 0.996875, 0.996875, 0.968125, 0.9675, 0.99125, 0.990625, 0.94, 0.939375]
2022-01-26 00:38:18:INFO:Loss = [0.027976863947878884, 0.029638938009338745, 0.014364171505985724, 0.013828602870307804, 0.07730940014116641, 0.08114962893396296, 0.027904968403163366, 0.028440143951229402, 0.16650133723414912, 0.15996833872868593]
2022-01-26 00:38:18:INFO:-------------Training local models-------------
2022-01-26 01:08:58:INFO:-------------Aggregating local models-------------
2022-01-26 01:09:01:INFO:-------------Round number: 25-------------
2022-01-26 01:09:01:INFO:-------------Sending models-------------
2022-01-26 01:09:02:INFO:-------------Evaluating models-------------
2022-01-26 01:09:02:INFO:Average Global Accuracy and Loss for Each Task:
2022-01-26 01:09:02:INFO:Accuracy = [0.99125, 0.99, 0.9975, 0.996875, 0.968125, 0.9675, 0.99125, 0.990625, 0.940625, 0.94]
2022-01-26 01:09:02:INFO:Loss = [0.027792590842364007, 0.029459593068168033, 0.014111665993914358, 0.013607737759957671, 0.07878311119893625, 0.08265071679816174, 0.02800253622335731, 0.028543386215096687, 0.17055196203709783, 0.1639313477475298]
2022-01-26 01:09:02:INFO:-------------Training local models-------------
2022-01-26 01:34:47:INFO:-------------Aggregating local models-------------
2022-01-26 01:34:49:INFO:-------------Round number: 26-------------
2022-01-26 01:34:49:INFO:-------------Sending models-------------
2022-01-26 01:34:50:INFO:-------------Evaluating models-------------
2022-01-26 01:34:50:INFO:Average Global Accuracy and Loss for Each Task:
2022-01-26 01:34:50:INFO:Accuracy = [0.99125, 0.990625, 0.9975, 0.9975, 0.96875, 0.9675, 0.99125, 0.990625, 0.940625, 0.94]
2022-01-26 01:34:50:INFO:Loss = [0.02760046419753053, 0.02928085030107468, 0.013898737683302898, 0.0134254942782718, 0.08017667598141998, 0.08407091327335366, 0.028112980643709307, 0.028657506424497114, 0.17419820926006652, 0.16753661580969492]
2022-01-26 01:34:50:INFO:-------------Training local models-------------
2022-01-26 01:57:46:INFO:-------------Aggregating local models-------------
2022-01-26 01:57:48:INFO:-------------Round number: 27-------------
2022-01-26 01:57:48:INFO:-------------Sending models-------------
2022-01-26 01:57:49:INFO:-------------Evaluating models-------------
2022-01-26 01:57:49:INFO:Average Global Accuracy and Loss for Each Task:
2022-01-26 01:57:49:INFO:Accuracy = [0.99125, 0.99, 0.9975, 0.9975, 0.96875, 0.966875, 0.99125, 0.990625, 0.939375, 0.94]
2022-01-26 01:57:49:INFO:Loss = [0.02745880049878906, 0.02915266377822263, 0.013725609965149488, 0.01328057775626803, 0.08148714539547655, 0.08540644126287589, 0.02823401154819294, 0.028780129451843096, 0.17775163958758639, 0.17106271305947301]
2022-01-26 01:57:49:INFO:-------------Training local models-------------
2022-01-26 02:20:45:INFO:-------------Aggregating local models-------------
2022-01-26 02:20:47:INFO:-------------Round number: 28-------------
2022-01-26 02:20:47:INFO:-------------Sending models-------------
2022-01-26 02:20:47:INFO:-------------Evaluating models-------------
2022-01-26 02:20:48:INFO:Average Global Accuracy and Loss for Each Task:
2022-01-26 02:20:48:INFO:Accuracy = [0.99125, 0.99, 0.9975, 0.9975, 0.9675, 0.966875, 0.990625, 0.990625, 0.93875, 0.939375]
2022-01-26 02:20:48:INFO:Loss = [0.027333349819946305, 0.0290431919735056, 0.013573796549462714, 0.013154908176693425, 0.08276008255161287, 0.08670454951225111, 0.028380541271326366, 0.02892652026930591, 0.18109989593795034, 0.174390850573036]
2022-01-26 02:20:48:INFO:-------------Training local models-------------
2022-01-26 02:43:44:INFO:-------------Aggregating local models-------------
2022-01-26 02:43:46:INFO:-------------Round number: 29-------------
2022-01-26 02:43:46:INFO:-------------Sending models-------------
2022-01-26 02:43:47:INFO:-------------Evaluating models-------------
2022-01-26 02:43:47:INFO:Average Global Accuracy and Loss for Each Task:
2022-01-26 02:43:47:INFO:Accuracy = [0.991875, 0.99, 0.9975, 0.9975, 0.9675, 0.966875, 0.990625, 0.99125, 0.936875, 0.938125]
2022-01-26 02:43:47:INFO:Loss = [0.027202548496097732, 0.02893051582850603, 0.013439188827578618, 0.01304481445968122, 0.0839935459640401, 0.0879626124038623, 0.028541101063456153, 0.02908423718126869, 0.18421826303001582, 0.17749477397010197]
2022-01-26 02:43:47:INFO:-------------Training local models-------------
2022-01-26 03:05:28:INFO:-------------Aggregating local models-------------
2022-01-26 03:05:29:INFO:-------------Round number: 30-------------
2022-01-26 03:05:29:INFO:-------------Sending models-------------
2022-01-26 03:05:29:INFO:-------------Evaluating models-------------
2022-01-26 03:05:30:INFO:Average Global Accuracy and Loss for Each Task:
2022-01-26 03:05:30:INFO:Accuracy = [0.991875, 0.99, 0.9975, 0.9975, 0.9675, 0.96625, 0.990625, 0.99125, 0.936875, 0.9375]
2022-01-26 03:05:30:INFO:Loss = [0.027072973806207302, 0.028815109631977975, 0.013319716278783745, 0.012947257517043908, 0.08520943857693056, 0.0892039830891008, 0.028733645944521415, 0.029272279557335423, 0.18722464318689164, 0.18049713233885994]
2022-01-26 03:05:30:INFO:-------------Training local models-------------
2022-01-26 03:20:46:INFO:-------------Aggregating local models-------------
2022-01-26 03:20:47:INFO:-------------Round number: 31-------------
2022-01-26 03:20:47:INFO:-------------Sending models-------------
2022-01-26 03:20:47:INFO:-------------Evaluating models-------------
2022-01-26 03:20:47:INFO:Average Global Accuracy and Loss for Each Task:
2022-01-26 03:20:47:INFO:Accuracy = [0.991875, 0.99, 0.9975, 0.9975, 0.9675, 0.96625, 0.990625, 0.99125, 0.936875, 0.9375]
2022-01-26 03:20:47:INFO:Loss = [0.02693733186360987, 0.028692372316436378, 0.013223328194544592, 0.012870863605803607, 0.08637475557134167, 0.09039255972984392, 0.028932639634149382, 0.02946689782147587, 0.1900826184442849, 0.1833670941139644]
2022-01-26 03:20:47:INFO:-------------Training local models-------------
2022-01-26 03:36:04:INFO:-------------Aggregating local models-------------
2022-01-26 03:36:05:INFO:-------------Round number: 32-------------
2022-01-26 03:36:05:INFO:-------------Sending models-------------
2022-01-26 03:36:06:INFO:-------------Evaluating models-------------
2022-01-26 03:36:06:INFO:Average Global Accuracy and Loss for Each Task:
2022-01-26 03:36:06:INFO:Accuracy = [0.991875, 0.99, 0.9975, 0.996875, 0.9675, 0.96625, 0.99125, 0.991875, 0.936875, 0.936875]
2022-01-26 03:36:06:INFO:Loss = [0.026797605120009393, 0.028565468797569337, 0.013137949055453646, 0.012805230152571312, 0.08748055051182746, 0.09152131712453411, 0.029124164566019316, 0.029656392666402097, 0.19289138144849857, 0.18618012245715362]
2022-01-26 03:36:06:INFO:-------------Training local models-------------
2022-01-26 03:51:22:INFO:-------------Aggregating local models-------------
2022-01-26 03:51:23:INFO:-------------Round number: 33-------------
2022-01-26 03:51:23:INFO:-------------Sending models-------------
2022-01-26 03:51:23:INFO:-------------Evaluating models-------------
2022-01-26 03:51:24:INFO:Average Global Accuracy and Loss for Each Task:
2022-01-26 03:51:24:INFO:Accuracy = [0.991875, 0.99, 0.9975, 0.996875, 0.9675, 0.96625, 0.99125, 0.991875, 0.936875, 0.9375]
2022-01-26 03:51:24:INFO:Loss = [0.02665577998450317, 0.028433249792215065, 0.013068604407271778, 0.012753671510563436, 0.08856657008309413, 0.0926312295662683, 0.029311424580009772, 0.029843034961959346, 0.19543562732878855, 0.18875084774408607]
2022-01-26 03:51:24:INFO:-------------Training local models-------------
2022-01-26 04:06:40:INFO:-------------Aggregating local models-------------
2022-01-26 04:06:41:INFO:-------------Round number: 34-------------
2022-01-26 04:06:41:INFO:-------------Sending models-------------
2022-01-26 04:06:41:INFO:-------------Evaluating models-------------
2022-01-26 04:06:42:INFO:Average Global Accuracy and Loss for Each Task:
2022-01-26 04:06:42:INFO:Accuracy = [0.991875, 0.99, 0.9975, 0.996875, 0.966875, 0.96625, 0.99125, 0.991875, 0.9375, 0.9375]
2022-01-26 04:06:42:INFO:Loss = [0.026523454002290236, 0.02831089397204778, 0.013007833047959138, 0.012706812844407977, 0.08960776549329239, 0.09369601618400339, 0.029493488654406975, 0.03002598491821118, 0.19781616469435903, 0.1911568435112713]
2022-01-26 04:06:42:INFO:-------------Training local models-------------
2022-01-26 04:21:58:INFO:-------------Aggregating local models-------------
2022-01-26 04:21:59:INFO:-------------Round number: 35-------------
2022-01-26 04:21:59:INFO:-------------Sending models-------------
2022-01-26 04:21:59:INFO:-------------Evaluating models-------------
2022-01-26 04:22:00:INFO:Average Global Accuracy and Loss for Each Task:
2022-01-26 04:22:00:INFO:Accuracy = [0.991875, 0.990625, 0.996875, 0.996875, 0.966875, 0.965625, 0.99125, 0.991875, 0.936875, 0.936875]
2022-01-26 04:22:00:INFO:Loss = [0.026395802741171794, 0.028195398697789642, 0.012966710740056443, 0.012677806826013693, 0.09060510409417474, 0.09471755966560522, 0.029676714132438064, 0.030215299085102742, 0.20012746259981212, 0.19351079505795496]
2022-01-26 04:22:00:INFO:-------------Training local models-------------
2022-01-26 04:37:16:INFO:-------------Aggregating local models-------------
2022-01-26 04:37:17:INFO:-------------Round number: 36-------------
2022-01-26 04:37:17:INFO:-------------Sending models-------------
2022-01-26 04:37:17:INFO:-------------Evaluating models-------------
2022-01-26 04:37:18:INFO:Average Global Accuracy and Loss for Each Task:
2022-01-26 04:37:18:INFO:Accuracy = [0.991875, 0.990625, 0.996875, 0.996875, 0.966875, 0.965625, 0.99125, 0.991875, 0.935625, 0.93625]
2022-01-26 04:37:18:INFO:Loss = [0.02628317099552078, 0.028094545122985436, 0.0129433079348928, 0.012668225167180936, 0.09155266011503045, 0.09568870302809955, 0.029887277482339415, 0.030432867821946274, 0.20224283096931686, 0.19567126315687347]
2022-01-26 04:37:18:INFO:-------------Training local models-------------
2022-01-26 04:52:35:INFO:-------------Aggregating local models-------------
2022-01-26 04:52:36:INFO:-------------Round number: 37-------------
2022-01-26 04:52:36:INFO:-------------Sending models-------------
2022-01-26 04:52:36:INFO:-------------Evaluating models-------------
2022-01-26 04:52:36:INFO:Average Global Accuracy and Loss for Each Task:
2022-01-26 04:52:36:INFO:Accuracy = [0.99125, 0.990625, 0.996875, 0.996875, 0.96625, 0.965625, 0.991875, 0.991875, 0.93375, 0.935625]
2022-01-26 04:52:36:INFO:Loss = [0.026164171364416688, 0.027988169321179156, 0.012931533337086876, 0.012670125863132852, 0.0924733032243239, 0.0966318714506997, 0.03010808493454533, 0.030667172918947473, 0.20434225059998426, 0.19781602213388397]
2022-01-26 04:52:36:INFO:-------------Training local models-------------
2022-01-26 05:07:53:INFO:-------------Aggregating local models-------------
2022-01-26 05:07:54:INFO:-------------Round number: 38-------------
2022-01-26 05:07:54:INFO:-------------Sending models-------------
2022-01-26 05:07:54:INFO:-------------Evaluating models-------------
2022-01-26 05:07:55:INFO:Average Global Accuracy and Loss for Each Task:
2022-01-26 05:07:55:INFO:Accuracy = [0.99125, 0.990625, 0.996875, 0.996875, 0.965625, 0.96625, 0.991875, 0.991875, 0.933125, 0.93625]
2022-01-26 05:07:55:INFO:Loss = [0.026056671430706047, 0.027893976330778968, 0.012923634112121362, 0.012677672028348751, 0.09336004079023041, 0.09754049091425258, 0.030325807222652656, 0.0308895852205751, 0.20638723223974012, 0.19991583209321107]
2022-01-26 05:07:55:INFO:-------------Training local models-------------
2022-01-26 05:23:11:INFO:-------------Aggregating local models-------------
2022-01-26 05:23:13:INFO:-------------Round number: 39-------------
2022-01-26 05:23:13:INFO:-------------Sending models-------------
2022-01-26 05:23:13:INFO:-------------Evaluating models-------------
2022-01-26 05:23:13:INFO:Average Global Accuracy and Loss for Each Task:
2022-01-26 05:23:13:INFO:Accuracy = [0.99125, 0.990625, 0.996875, 0.996875, 0.965625, 0.96625, 0.991875, 0.991875, 0.9325, 0.935625]
2022-01-26 05:23:13:INFO:Loss = [0.025950280138204107, 0.027801024535619945, 0.012926785400031804, 0.012695816012274009, 0.0942306996890693, 0.09843206586929228, 0.030533956037834285, 0.031096900701777487, 0.2083152167921071, 0.2018966883604662]
2022-01-26 05:23:13:INFO:-------------Training local models-------------
2022-01-26 05:38:30:INFO:-------------Aggregating local models-------------
