2022-01-26 05:39:28:INFO:-------------Round number: 0-------------
2022-01-26 05:39:28:INFO:-------------Sending models-------------
2022-01-26 05:39:28:INFO:-------------Evaluating models-------------
2022-01-26 05:39:28:INFO:Average Global Accuracy and Loss for Each Task:
2022-01-26 05:39:28:INFO:Accuracy = [0.9210526315789473, 0.9342105263157895, 0.868421052631579, 0.9210526315789473, 0.868421052631579, 0.09210526315789473, 0.09210526315789473, 0.13157894736842105, 0.10526315789473684, 0.9078947368421053]
2022-01-26 05:39:28:INFO:Loss = [0.6584171527310422, 0.6506733102233786, 0.6681595421151111, 0.6560279123092952, 0.6631301421868173, 0.7399470751222811, 0.7426060289144516, 0.7387688073672747, 0.7421571769212422, 0.6683427832628551]
2022-01-26 05:39:28:INFO:-------------Training local models-------------
2022-01-26 05:47:14:INFO:-------------Aggregating local models-------------
2022-01-26 05:47:17:INFO:-------------Round number: 1-------------
2022-01-26 05:47:17:INFO:-------------Sending models-------------
2022-01-26 05:47:17:INFO:-------------Evaluating models-------------
2022-01-26 05:47:17:INFO:Average Global Accuracy and Loss for Each Task:
2022-01-26 05:47:17:INFO:Accuracy = [0.8927631578947368, 0.9157894736842105, 0.8536184210526315, 0.8539473684210527, 0.8263157894736842, 0.8519736842105263, 0.8026315789473685, 0.7703947368421052, 0.88125, 0.7993421052631579]
2022-01-26 05:47:17:INFO:Loss = [0.3662459058840269, 0.4429502069312883, 0.48528913187941436, 0.39710396497302053, 0.47070237360343237, 0.4526611472921152, 0.4514887245420955, 0.5964792912311264, 0.41460140014532954, 0.4639794523337562]
2022-01-26 05:47:17:INFO:-------------Training local models-------------
2022-01-26 05:55:01:INFO:-------------Aggregating local models-------------
2022-01-26 05:55:03:INFO:-------------Round number: 2-------------
2022-01-26 05:55:03:INFO:-------------Sending models-------------
2022-01-26 05:55:03:INFO:-------------Evaluating models-------------
2022-01-26 05:55:04:INFO:Average Global Accuracy and Loss for Each Task:
2022-01-26 05:55:04:INFO:Accuracy = [0.8634868421052632, 0.9302631578947368, 0.8674342105263158, 0.868421052631579, 0.8398026315789474, 0.8805921052631579, 0.8332236842105263, 0.8470394736842105, 0.8993421052631579, 0.8743421052631579]
2022-01-26 05:55:04:INFO:Loss = [0.36290121012318294, 0.3927836339985094, 0.46260684297119853, 0.34122478711957993, 0.4361823430134743, 0.4087757043935677, 0.4069640195781463, 0.5795035632541649, 0.35758204316401754, 0.4163891990595546]
2022-01-26 05:55:04:INFO:-------------Training local models-------------
2022-01-26 06:02:44:INFO:-------------Aggregating local models-------------
2022-01-26 06:02:46:INFO:-------------Round number: 3-------------
2022-01-26 06:02:46:INFO:-------------Sending models-------------
2022-01-26 06:02:46:INFO:-------------Evaluating models-------------
2022-01-26 06:02:46:INFO:Average Global Accuracy and Loss for Each Task:
2022-01-26 06:02:46:INFO:Accuracy = [0.8585526315789473, 0.9305921052631579, 0.8710526315789474, 0.8756578947368421, 0.8592105263157894, 0.8898026315789473, 0.8305921052631579, 0.8700657894736842, 0.9006578947368421, 0.8940789473684211]
2022-01-26 06:02:46:INFO:Loss = [0.34815691283438355, 0.3645786276120864, 0.46176935629199234, 0.3178158974310224, 0.4142797770710834, 0.3909570405521663, 0.39576332025095134, 0.5655024837806674, 0.32893036877028764, 0.3996964515873084]
2022-01-26 06:02:46:INFO:-------------Training local models-------------
2022-01-26 06:10:26:INFO:-------------Aggregating local models-------------
2022-01-26 06:10:28:INFO:-------------Round number: 4-------------
2022-01-26 06:10:28:INFO:-------------Sending models-------------
2022-01-26 06:10:29:INFO:-------------Evaluating models-------------
2022-01-26 06:10:29:INFO:Average Global Accuracy and Loss for Each Task:
2022-01-26 06:10:29:INFO:Accuracy = [0.8572368421052632, 0.9305921052631579, 0.8710526315789474, 0.8776315789473684, 0.8657894736842106, 0.8888157894736842, 0.8233552631578948, 0.8690789473684211, 0.9032894736842105, 0.9078947368421053]
2022-01-26 06:10:29:INFO:Loss = [0.330125132032232, 0.34430608013108693, 0.4586919166360626, 0.3042581360166782, 0.39543461351805537, 0.3791601334301767, 0.3909257102809773, 0.5530614189108172, 0.30750101189570206, 0.3916416962088796]
2022-01-26 06:10:29:INFO:-------------Training local models-------------
2022-01-26 06:18:09:INFO:-------------Aggregating local models-------------
2022-01-26 06:18:11:INFO:-------------Round number: 5-------------
2022-01-26 06:18:11:INFO:-------------Sending models-------------
2022-01-26 06:18:11:INFO:-------------Evaluating models-------------
2022-01-26 06:18:12:INFO:Average Global Accuracy and Loss for Each Task:
2022-01-26 06:18:12:INFO:Accuracy = [0.8611842105263158, 0.930921052631579, 0.8730263157894737, 0.8779605263157895, 0.868421052631579, 0.8851973684210527, 0.8217105263157894, 0.8697368421052631, 0.9072368421052631, 0.9134868421052632]
2022-01-26 06:18:12:INFO:Loss = [0.315459779738663, 0.3285822008995303, 0.45304974279516547, 0.294443067561109, 0.3780037202354594, 0.3702438563789321, 0.38820804976306755, 0.5420583012072664, 0.28977453001195835, 0.3871198898873684]
2022-01-26 06:18:12:INFO:-------------Training local models-------------
2022-01-26 06:25:51:INFO:-------------Aggregating local models-------------
2022-01-26 06:25:54:INFO:-------------Round number: 6-------------
2022-01-26 06:25:54:INFO:-------------Sending models-------------
2022-01-26 06:25:54:INFO:-------------Evaluating models-------------
2022-01-26 06:25:54:INFO:Average Global Accuracy and Loss for Each Task:
2022-01-26 06:25:54:INFO:Accuracy = [0.8638157894736842, 0.9296052631578947, 0.8740131578947369, 0.8796052631578948, 0.8664473684210526, 0.8828947368421053, 0.8213815789473684, 0.8697368421052631, 0.9095394736842105, 0.9118421052631579]
2022-01-26 06:25:54:INFO:Loss = [0.30463574550958583, 0.3166938026973328, 0.44623963867343264, 0.2866140533578322, 0.3625066058949941, 0.36323384493688965, 0.3876112840378865, 0.532220134699999, 0.275490291507786, 0.38424376356047824]
2022-01-26 06:25:54:INFO:-------------Training local models-------------
2022-01-26 06:33:34:INFO:-------------Aggregating local models-------------
2022-01-26 06:33:36:INFO:-------------Round number: 7-------------
2022-01-26 06:33:36:INFO:-------------Sending models-------------
2022-01-26 06:33:36:INFO:-------------Evaluating models-------------
2022-01-26 06:33:37:INFO:Average Global Accuracy and Loss for Each Task:
2022-01-26 06:33:37:INFO:Accuracy = [0.868421052631579, 0.9282894736842106, 0.874671052631579, 0.8796052631578948, 0.8664473684210526, 0.8825657894736842, 0.8230263157894737, 0.8703947368421052, 0.9111842105263158, 0.9118421052631579]
2022-01-26 06:33:37:INFO:Loss = [0.2969350038137667, 0.3074658437897022, 0.4394291666375418, 0.2801949219193423, 0.34937850707233575, 0.3577724492409432, 0.3890810172850156, 0.52352963895828, 0.2638605150105401, 0.3823648307895239]
2022-01-26 06:33:37:INFO:-------------Training local models-------------
2022-01-26 06:41:16:INFO:-------------Aggregating local models-------------
2022-01-26 06:41:18:INFO:-------------Round number: 8-------------
2022-01-26 06:41:18:INFO:-------------Sending models-------------
2022-01-26 06:41:18:INFO:-------------Evaluating models-------------
2022-01-26 06:41:19:INFO:Average Global Accuracy and Loss for Each Task:
2022-01-26 06:41:19:INFO:Accuracy = [0.8726973684210526, 0.9276315789473685, 0.8766447368421053, 0.8796052631578948, 0.868421052631579, 0.8828947368421053, 0.8226973684210527, 0.8697368421052631, 0.9115131578947369, 0.9088815789473684]
2022-01-26 06:41:19:INFO:Loss = [0.29152514657452183, 0.3005302054141219, 0.4329454235887265, 0.27491590880431194, 0.33865554204078907, 0.3535797912661924, 0.39260262200045154, 0.5165879795477897, 0.25465445376941814, 0.38158227933883226]
2022-01-26 06:41:19:INFO:-------------Training local models-------------
2022-01-26 06:48:57:INFO:-------------Aggregating local models-------------
2022-01-26 06:49:00:INFO:-------------Round number: 9-------------
2022-01-26 06:49:00:INFO:-------------Sending models-------------
2022-01-26 06:49:00:INFO:-------------Evaluating models-------------
2022-01-26 06:49:00:INFO:Average Global Accuracy and Loss for Each Task:
2022-01-26 06:49:00:INFO:Accuracy = [0.8769736842105263, 0.925, 0.8789473684210526, 0.8802631578947369, 0.8680921052631579, 0.8828947368421053, 0.8233552631578948, 0.8697368421052631, 0.912828947368421, 0.905921052631579]
2022-01-26 06:49:00:INFO:Loss = [0.28760673840722456, 0.2951632435986922, 0.42713447821542533, 0.2706522905094684, 0.3298683948387885, 0.3503921752445948, 0.3969798037142027, 0.511134314949327, 0.2474522676303949, 0.3815229194281672]
2022-01-26 06:49:00:INFO:-------------Training local models-------------
2022-01-26 06:56:39:INFO:-------------Aggregating local models-------------
2022-01-26 06:56:42:INFO:-------------Round number: 10-------------
2022-01-26 06:56:42:INFO:-------------Sending models-------------
2022-01-26 06:56:42:INFO:-------------Evaluating models-------------
2022-01-26 06:56:43:INFO:Average Global Accuracy and Loss for Each Task:
2022-01-26 06:56:43:INFO:Accuracy = [0.8799342105263158, 0.925, 0.8832236842105263, 0.8842105263157894, 0.8697368421052631, 0.8835526315789474, 0.8230263157894737, 0.8700657894736842, 0.912828947368421, 0.9055921052631579]
2022-01-26 06:56:43:INFO:Loss = [0.28479020075112776, 0.29079593979565144, 0.4221792051131687, 0.2672899737243776, 0.32250325143908604, 0.34780289494263245, 0.4019302827854469, 0.5071378334055465, 0.24150176282197017, 0.3821870272965354]
2022-01-26 06:56:43:INFO:-------------Training local models-------------
2022-01-26 07:04:22:INFO:-------------Aggregating local models-------------
2022-01-26 07:04:24:INFO:-------------Round number: 11-------------
2022-01-26 07:04:24:INFO:-------------Sending models-------------
2022-01-26 07:04:25:INFO:-------------Evaluating models-------------
2022-01-26 07:04:25:INFO:Average Global Accuracy and Loss for Each Task:
2022-01-26 07:04:25:INFO:Accuracy = [0.8832236842105263, 0.925, 0.8861842105263158, 0.8891447368421053, 0.8703947368421052, 0.8842105263157894, 0.8226973684210527, 0.8697368421052631, 0.9171052631578948, 0.9036184210526316]
2022-01-26 07:04:25:INFO:Loss = [0.28267410456981834, 0.2876000983279051, 0.4178060935484705, 0.26467315583402906, 0.31631479528598566, 0.34560405467135225, 0.4071463770259901, 0.5041993408587203, 0.23662448420375432, 0.38336884009760597]
2022-01-26 07:04:25:INFO:-------------Training local models-------------
2022-01-26 07:12:04:INFO:-------------Aggregating local models-------------
2022-01-26 07:12:07:INFO:-------------Round number: 12-------------
2022-01-26 07:12:07:INFO:-------------Sending models-------------
2022-01-26 07:12:07:INFO:-------------Evaluating models-------------
2022-01-26 07:12:07:INFO:Average Global Accuracy and Loss for Each Task:
2022-01-26 07:12:07:INFO:Accuracy = [0.8848684210526315, 0.9263157894736842, 0.8884868421052632, 0.8944078947368421, 0.8703947368421052, 0.8861842105263158, 0.8223684210526315, 0.8694078947368421, 0.9200657894736842, 0.9049342105263158]
2022-01-26 07:12:07:INFO:Loss = [0.2809241962447566, 0.2853203877256371, 0.4140566353853501, 0.262528955539605, 0.3108122255128508, 0.3437762072985367, 0.4123932721260261, 0.5021216932624444, 0.23251537498569969, 0.3850825711982141]
2022-01-26 07:12:07:INFO:-------------Training local models-------------
2022-01-26 07:19:46:INFO:-------------Aggregating local models-------------
2022-01-26 07:19:48:INFO:-------------Round number: 13-------------
2022-01-26 07:19:48:INFO:-------------Sending models-------------
2022-01-26 07:19:49:INFO:-------------Evaluating models-------------
2022-01-26 07:19:49:INFO:Average Global Accuracy and Loss for Each Task:
2022-01-26 07:19:49:INFO:Accuracy = [0.8855263157894737, 0.9266447368421052, 0.8914473684210527, 0.8973684210526316, 0.8707236842105263, 0.8878289473684211, 0.8217105263157894, 0.8697368421052631, 0.9207236842105263, 0.905921052631579]
2022-01-26 07:19:49:INFO:Loss = [0.2795569041438859, 0.2838700967400463, 0.41092147054663847, 0.26070381108471147, 0.30583061287344254, 0.34246485026711815, 0.41734529840821205, 0.5006633954866342, 0.2291067646570139, 0.38690246918083987]
2022-01-26 07:19:49:INFO:-------------Training local models-------------
2022-01-26 07:27:28:INFO:-------------Aggregating local models-------------
2022-01-26 07:27:30:INFO:-------------Round number: 14-------------
2022-01-26 07:27:30:INFO:-------------Sending models-------------
2022-01-26 07:27:30:INFO:-------------Evaluating models-------------
2022-01-26 07:27:31:INFO:Average Global Accuracy and Loss for Each Task:
2022-01-26 07:27:31:INFO:Accuracy = [0.8875, 0.9266447368421052, 0.8921052631578947, 0.9, 0.8710526315789474, 0.8884868421052632, 0.8210526315789474, 0.8700657894736842, 0.9200657894736842, 0.905921052631579]
2022-01-26 07:27:31:INFO:Loss = [0.2784830141075585, 0.28313574799626384, 0.4082929919780949, 0.2589700423283686, 0.30115614864409607, 0.34122638978815784, 0.42197270160135014, 0.4995220594141038, 0.226251871975125, 0.3889829009996519]
2022-01-26 07:27:31:INFO:-------------Training local models-------------
2022-01-26 07:35:09:INFO:-------------Aggregating local models-------------
2022-01-26 07:35:12:INFO:-------------Round number: 15-------------
2022-01-26 07:35:12:INFO:-------------Sending models-------------
2022-01-26 07:35:12:INFO:-------------Evaluating models-------------
2022-01-26 07:35:12:INFO:Average Global Accuracy and Loss for Each Task:
2022-01-26 07:35:12:INFO:Accuracy = [0.8911184210526316, 0.9269736842105263, 0.8927631578947368, 0.9032894736842105, 0.8707236842105263, 0.8914473684210527, 0.8207236842105263, 0.8707236842105263, 0.9200657894736842, 0.90625]
2022-01-26 07:35:12:INFO:Loss = [0.2776870862376917, 0.2828951543456481, 0.4060961505519548, 0.2573138921272498, 0.29675373727963905, 0.34011222649238143, 0.4261654809049919, 0.4985717474463806, 0.22377993545198574, 0.391145725461492]
2022-01-26 07:35:12:INFO:-------------Training local models-------------
2022-01-26 07:42:51:INFO:-------------Aggregating local models-------------
2022-01-26 07:42:53:INFO:-------------Round number: 16-------------
2022-01-26 07:42:53:INFO:-------------Sending models-------------
2022-01-26 07:42:54:INFO:-------------Evaluating models-------------
2022-01-26 07:42:54:INFO:Average Global Accuracy and Loss for Each Task:
2022-01-26 07:42:54:INFO:Accuracy = [0.89375, 0.9259868421052632, 0.8934210526315789, 0.9046052631578947, 0.8717105263157895, 0.8917763157894737, 0.8203947368421053, 0.8700657894736842, 0.9200657894736842, 0.9055921052631579]
2022-01-26 07:42:54:INFO:Loss = [0.2771629468138838, 0.283103088124718, 0.40419828680579056, 0.2557644721067558, 0.29254606957587576, 0.33917767880580196, 0.4299800950359081, 0.4977428833873618, 0.2216409652107694, 0.39345954963707636]
2022-01-26 07:42:54:INFO:-------------Training local models-------------
2022-01-26 07:50:33:INFO:-------------Aggregating local models-------------
2022-01-26 07:50:35:INFO:-------------Round number: 17-------------
2022-01-26 07:50:35:INFO:-------------Sending models-------------
2022-01-26 07:50:35:INFO:-------------Evaluating models-------------
2022-01-26 07:50:35:INFO:Average Global Accuracy and Loss for Each Task:
2022-01-26 07:50:35:INFO:Accuracy = [0.8967105263157895, 0.9266447368421052, 0.8947368421052632, 0.9069078947368421, 0.8726973684210526, 0.8921052631578947, 0.8203947368421053, 0.8700657894736842, 0.9207236842105263, 0.9049342105263158]
2022-01-26 07:50:35:INFO:Loss = [0.2768559459049069, 0.2835998058471887, 0.4025213525990119, 0.2542491886658689, 0.2884560785866932, 0.33836613399408205, 0.4331675095563696, 0.49686611423864013, 0.21975567807787325, 0.3954547779982309]
2022-01-26 07:50:35:INFO:-------------Training local models-------------
2022-01-26 07:58:13:INFO:-------------Aggregating local models-------------
2022-01-26 07:58:16:INFO:-------------Round number: 18-------------
2022-01-26 07:58:16:INFO:-------------Sending models-------------
2022-01-26 07:58:16:INFO:-------------Evaluating models-------------
2022-01-26 07:58:16:INFO:Average Global Accuracy and Loss for Each Task:
2022-01-26 07:58:16:INFO:Accuracy = [0.899671052631579, 0.9266447368421052, 0.8957236842105263, 0.9092105263157895, 0.875328947368421, 0.8934210526315789, 0.8207236842105263, 0.8707236842105263, 0.9210526315789473, 0.9052631578947369]
2022-01-26 07:58:16:INFO:Loss = [0.2769306883364104, 0.28437659246418134, 0.40108107992043524, 0.252622187912589, 0.2847804236389493, 0.3375597233882313, 0.4361899774314799, 0.4960140132605279, 0.21801180565240716, 0.3977411404745286]
2022-01-26 07:58:16:INFO:-------------Training local models-------------
2022-01-26 08:05:15:INFO:-------------Aggregating local models-------------
2022-01-26 08:05:17:INFO:-------------Round number: 19-------------
2022-01-26 08:05:17:INFO:-------------Sending models-------------
2022-01-26 08:05:17:INFO:-------------Evaluating models-------------
2022-01-26 08:05:17:INFO:Average Global Accuracy and Loss for Each Task:
2022-01-26 08:05:17:INFO:Accuracy = [0.9019736842105263, 0.9263157894736842, 0.8967105263157895, 0.9101973684210526, 0.8759868421052631, 0.8944078947368421, 0.8203947368421053, 0.8717105263157895, 0.9226973684210527, 0.9055921052631579]
2022-01-26 08:05:17:INFO:Loss = [0.2771948077121411, 0.2851464179294501, 0.3998323238795006, 0.251186166890157, 0.28128859028832887, 0.33668393688439163, 0.43883738570864234, 0.49506310787508384, 0.2163929022190132, 0.39994902161427154]
2022-01-26 08:05:17:INFO:-------------Training local models-------------
2022-01-26 08:12:54:INFO:-------------Aggregating local models-------------
2022-01-26 08:12:57:INFO:-------------Round number: 20-------------
2022-01-26 08:12:57:INFO:-------------Sending models-------------
2022-01-26 08:12:57:INFO:-------------Evaluating models-------------
2022-01-26 08:12:57:INFO:Average Global Accuracy and Loss for Each Task:
2022-01-26 08:12:57:INFO:Accuracy = [0.9042763157894737, 0.925, 0.8970394736842106, 0.9111842105263158, 0.8766447368421053, 0.8950657894736842, 0.8200657894736842, 0.8720394736842105, 0.9243421052631579, 0.9055921052631579]
2022-01-26 08:12:57:INFO:Loss = [0.27801555964020064, 0.28619110056618075, 0.39873632133764514, 0.2497380975443153, 0.2784111362033352, 0.33595343012022666, 0.4411120585364666, 0.494354731840806, 0.2148611645455898, 0.40202440886346985]
2022-01-26 08:12:57:INFO:-------------Training local models-------------
2022-01-26 08:20:34:INFO:-------------Aggregating local models-------------
2022-01-26 08:20:36:INFO:-------------Round number: 21-------------
2022-01-26 08:20:36:INFO:-------------Sending models-------------
2022-01-26 08:20:36:INFO:-------------Evaluating models-------------
2022-01-26 08:20:37:INFO:Average Global Accuracy and Loss for Each Task:
2022-01-26 08:20:37:INFO:Accuracy = [0.9046052631578947, 0.925, 0.8980263157894737, 0.9141447368421053, 0.8786184210526315, 0.8960526315789473, 0.8194078947368421, 0.8726973684210526, 0.9256578947368421, 0.9049342105263158]
2022-01-26 08:20:37:INFO:Loss = [0.2787755329832419, 0.2873825136722237, 0.39771391259168204, 0.2484921969626636, 0.2753501880305473, 0.33517967898756307, 0.44320705501645297, 0.49353446311675053, 0.2134854959056515, 0.40429871675855555]
2022-01-26 08:20:37:INFO:-------------Training local models-------------
2022-01-26 08:28:13:INFO:-------------Aggregating local models-------------
2022-01-26 08:28:15:INFO:-------------Round number: 22-------------
2022-01-26 08:28:15:INFO:-------------Sending models-------------
2022-01-26 08:28:16:INFO:-------------Evaluating models-------------
2022-01-26 08:28:16:INFO:Average Global Accuracy and Loss for Each Task:
2022-01-26 08:28:16:INFO:Accuracy = [0.9055921052631579, 0.925, 0.8993421052631579, 0.9161184210526315, 0.8802631578947369, 0.8973684210526316, 0.8194078947368421, 0.8726973684210526, 0.9259868421052632, 0.9046052631578947]
2022-01-26 08:28:16:INFO:Loss = [0.27951812664607706, 0.2885469341127694, 0.39678977139939026, 0.2474708601426085, 0.27253777633785303, 0.33441822878768634, 0.4450106450385647, 0.4927247082734156, 0.2121909716711104, 0.4064625288596481]
2022-01-26 08:28:16:INFO:-------------Training local models-------------
2022-01-26 08:35:52:INFO:-------------Aggregating local models-------------
2022-01-26 08:35:54:INFO:-------------Round number: 23-------------
2022-01-26 08:35:54:INFO:-------------Sending models-------------
2022-01-26 08:35:54:INFO:-------------Evaluating models-------------
2022-01-26 08:35:55:INFO:Average Global Accuracy and Loss for Each Task:
2022-01-26 08:35:55:INFO:Accuracy = [0.905921052631579, 0.925, 0.899671052631579, 0.91875, 0.8828947368421053, 0.8980263157894737, 0.8194078947368421, 0.8740131578947369, 0.9279605263157895, 0.9046052631578947]
2022-01-26 08:35:55:INFO:Loss = [0.2807282320247491, 0.2896787618731316, 0.39593102567108107, 0.2466060871302991, 0.270141597004304, 0.33362435176959, 0.44647704670186567, 0.4920880189374178, 0.21097742027115218, 0.40848081205407843]
2022-01-26 08:35:55:INFO:-------------Training local models-------------
2022-01-26 08:43:31:INFO:-------------Aggregating local models-------------
2022-01-26 08:43:34:INFO:-------------Round number: 24-------------
2022-01-26 08:43:34:INFO:-------------Sending models-------------
2022-01-26 08:43:34:INFO:-------------Evaluating models-------------
2022-01-26 08:43:34:INFO:Average Global Accuracy and Loss for Each Task:
2022-01-26 08:43:34:INFO:Accuracy = [0.9072368421052631, 0.925, 0.9006578947368421, 0.9174342105263158, 0.8842105263157894, 0.8986842105263158, 0.8194078947368421, 0.874671052631579, 0.9276315789473685, 0.9042763157894737]
2022-01-26 08:43:34:INFO:Loss = [0.2818414683989, 0.29082247066444805, 0.39510987631049493, 0.24587431963233317, 0.26780141974641564, 0.3328885429940496, 0.44803294272270777, 0.4914156704002572, 0.20984136724741562, 0.41094041279881677]
2022-01-26 08:43:34:INFO:-------------Training local models-------------
2022-01-26 08:51:10:INFO:-------------Aggregating local models-------------
2022-01-26 08:51:13:INFO:-------------Round number: 25-------------
2022-01-26 08:51:13:INFO:-------------Sending models-------------
2022-01-26 08:51:13:INFO:-------------Evaluating models-------------
2022-01-26 08:51:13:INFO:Average Global Accuracy and Loss for Each Task:
2022-01-26 08:51:13:INFO:Accuracy = [0.9072368421052631, 0.9253289473684211, 0.9006578947368421, 0.9174342105263158, 0.8858552631578948, 0.9003289473684211, 0.819078947368421, 0.8756578947368421, 0.9279605263157895, 0.9042763157894737]
2022-01-26 08:51:13:INFO:Loss = [0.2834419593206181, 0.2918759762467169, 0.3944240495949137, 0.24529049507102746, 0.2660617766280331, 0.3324747682164391, 0.4494254374110728, 0.4910578584833849, 0.20875777339221568, 0.41313658808537995]
2022-01-26 08:51:13:INFO:-------------Training local models-------------
2022-01-26 08:58:50:INFO:-------------Aggregating local models-------------
2022-01-26 08:58:53:INFO:-------------Round number: 26-------------
2022-01-26 08:58:53:INFO:-------------Sending models-------------
2022-01-26 08:58:53:INFO:-------------Evaluating models-------------
2022-01-26 08:58:53:INFO:Average Global Accuracy and Loss for Each Task:
2022-01-26 08:58:53:INFO:Accuracy = [0.9082236842105263, 0.9246710526315789, 0.9009868421052631, 0.9174342105263158, 0.8878289473684211, 0.9009868421052631, 0.819078947368421, 0.8759868421052631, 0.9286184210526316, 0.9039473684210526]
2022-01-26 08:58:53:INFO:Loss = [0.2846437238439122, 0.29301709523272285, 0.39369400611078736, 0.24479936466870736, 0.2641504544034864, 0.33195624272919205, 0.45065060487965974, 0.49055431401575333, 0.20776574033200296, 0.4151244678283355]
2022-01-26 08:58:53:INFO:-------------Training local models-------------
2022-01-26 09:06:29:INFO:-------------Aggregating local models-------------
2022-01-26 09:06:32:INFO:-------------Round number: 27-------------
2022-01-26 09:06:32:INFO:-------------Sending models-------------
2022-01-26 09:06:32:INFO:-------------Evaluating models-------------
2022-01-26 09:06:32:INFO:Average Global Accuracy and Loss for Each Task:
2022-01-26 09:06:32:INFO:Accuracy = [0.9085526315789474, 0.9243421052631579, 0.9016447368421052, 0.9197368421052632, 0.8894736842105263, 0.9019736842105263, 0.819078947368421, 0.8766447368421053, 0.9279605263157895, 0.9039473684210526]
2022-01-26 09:06:32:INFO:Loss = [0.28583957087922546, 0.29410080228277174, 0.3929122928051296, 0.24438042719501887, 0.2622112031596388, 0.3314088340243631, 0.45166562917132214, 0.4898476402597321, 0.206858765328051, 0.4170051488367072]
2022-01-26 09:06:32:INFO:-------------Training local models-------------
2022-01-26 09:14:08:INFO:-------------Aggregating local models-------------
2022-01-26 09:14:11:INFO:-------------Round number: 28-------------
2022-01-26 09:14:11:INFO:-------------Sending models-------------
2022-01-26 09:14:11:INFO:-------------Evaluating models-------------
2022-01-26 09:14:11:INFO:Average Global Accuracy and Loss for Each Task:
2022-01-26 09:14:11:INFO:Accuracy = [0.9088815789473684, 0.9236842105263158, 0.9016447368421052, 0.9210526315789473, 0.8914473684210527, 0.9029605263157895, 0.819078947368421, 0.8782894736842105, 0.9276315789473685, 0.9046052631578947]
2022-01-26 09:14:11:INFO:Loss = [0.28691179215619694, 0.29520183073222334, 0.3921634407621528, 0.24403785710072903, 0.26036162177986527, 0.3309196875010649, 0.45244165827534744, 0.4890422539747784, 0.20601781367976832, 0.4186938069506141]
2022-01-26 09:14:11:INFO:-------------Training local models-------------
2022-01-26 09:21:48:INFO:-------------Aggregating local models-------------
2022-01-26 09:21:51:INFO:-------------Round number: 29-------------
2022-01-26 09:21:51:INFO:-------------Sending models-------------
2022-01-26 09:21:51:INFO:-------------Evaluating models-------------
2022-01-26 09:21:51:INFO:Average Global Accuracy and Loss for Each Task:
2022-01-26 09:21:51:INFO:Accuracy = [0.9092105263157895, 0.9240131578947368, 0.9023026315789474, 0.9226973684210527, 0.8927631578947368, 0.9046052631578947, 0.819078947368421, 0.8782894736842105, 0.9286184210526316, 0.9046052631578947]
2022-01-26 09:21:51:INFO:Loss = [0.28801549924058856, 0.29635580560582303, 0.3914370732197169, 0.24373438840154305, 0.25878716167464616, 0.33056215198020683, 0.45309108057584746, 0.48831204640287307, 0.20522981853680808, 0.42020821300761063]
2022-01-26 09:21:51:INFO:-------------Training local models-------------
2022-01-26 09:29:28:INFO:-------------Aggregating local models-------------
2022-01-26 09:29:30:INFO:-------------Round number: 30-------------
2022-01-26 09:29:30:INFO:-------------Sending models-------------
2022-01-26 09:29:30:INFO:-------------Evaluating models-------------
2022-01-26 09:29:31:INFO:Average Global Accuracy and Loss for Each Task:
2022-01-26 09:29:31:INFO:Accuracy = [0.9105263157894737, 0.9240131578947368, 0.9026315789473685, 0.9230263157894737, 0.8953947368421052, 0.90625, 0.8194078947368421, 0.8786184210526315, 0.9286184210526316, 0.9049342105263158]
2022-01-26 09:29:31:INFO:Loss = [0.28912925269593726, 0.29746094638736204, 0.39068877030101584, 0.2434617499682549, 0.25733919946172756, 0.3301502996189715, 0.45381727853619896, 0.48747875965703935, 0.2044892783787394, 0.4220938271052881]
2022-01-26 09:29:31:INFO:-------------Training local models-------------
2022-01-26 09:37:08:INFO:-------------Aggregating local models-------------
2022-01-26 09:37:10:INFO:-------------Round number: 31-------------
2022-01-26 09:37:10:INFO:-------------Sending models-------------
2022-01-26 09:37:10:INFO:-------------Evaluating models-------------
2022-01-26 09:37:11:INFO:Average Global Accuracy and Loss for Each Task:
2022-01-26 09:37:11:INFO:Accuracy = [0.9108552631578948, 0.9243421052631579, 0.9029605263157895, 0.9240131578947368, 0.8970394736842106, 0.9072368421052631, 0.8194078947368421, 0.8792763157894737, 0.9289473684210526, 0.9052631578947369]
2022-01-26 09:37:11:INFO:Loss = [0.29019629995955737, 0.29849629731009036, 0.38999804469829924, 0.24325976540551078, 0.256048277387986, 0.3298241873309579, 0.45441385348644153, 0.4866360937818459, 0.203760835912506, 0.42382488696449927]
2022-01-26 09:37:11:INFO:-------------Training local models-------------
2022-01-26 09:44:47:INFO:-------------Aggregating local models-------------
2022-01-26 09:44:49:INFO:-------------Round number: 32-------------
2022-01-26 09:44:49:INFO:-------------Sending models-------------
2022-01-26 09:44:49:INFO:-------------Evaluating models-------------
2022-01-26 09:44:50:INFO:Average Global Accuracy and Loss for Each Task:
2022-01-26 09:44:50:INFO:Accuracy = [0.9108552631578948, 0.9243421052631579, 0.9032894736842105, 0.9246710526315789, 0.8983552631578947, 0.9075657894736842, 0.8194078947368421, 0.8796052631578948, 0.9282894736842106, 0.9052631578947369]
2022-01-26 09:44:50:INFO:Loss = [0.2911594514292263, 0.29952165483025867, 0.3893215569052317, 0.24309325377797855, 0.2548513216305716, 0.32945417220813206, 0.4549362784398813, 0.4857599252157486, 0.20304916083286548, 0.42551243127921845]
2022-01-26 09:44:50:INFO:-------------Training local models-------------
2022-01-26 09:52:26:INFO:-------------Aggregating local models-------------
2022-01-26 09:52:28:INFO:-------------Round number: 33-------------
2022-01-26 09:52:28:INFO:-------------Sending models-------------
2022-01-26 09:52:29:INFO:-------------Evaluating models-------------
2022-01-26 09:52:29:INFO:Average Global Accuracy and Loss for Each Task:
2022-01-26 09:52:29:INFO:Accuracy = [0.9108552631578948, 0.9243421052631579, 0.9036184210526316, 0.9246710526315789, 0.9009868421052631, 0.9075657894736842, 0.8194078947368421, 0.8799342105263158, 0.9263157894736842, 0.9046052631578947]
2022-01-26 09:52:29:INFO:Loss = [0.29198550969661147, 0.3005305305876295, 0.38866541614477584, 0.24293948384164601, 0.2536944714627584, 0.32910830879863123, 0.45519474857160513, 0.4848136143683453, 0.20239781669385448, 0.42687815497954845]
2022-01-26 09:52:29:INFO:-------------Training local models-------------
2022-01-26 10:00:06:INFO:-------------Aggregating local models-------------
2022-01-26 10:00:08:INFO:-------------Round number: 34-------------
2022-01-26 10:00:08:INFO:-------------Sending models-------------
2022-01-26 10:00:08:INFO:-------------Evaluating models-------------
2022-01-26 10:00:09:INFO:Average Global Accuracy and Loss for Each Task:
2022-01-26 10:00:09:INFO:Accuracy = [0.9108552631578948, 0.925, 0.9039473684210526, 0.9256578947368421, 0.9006578947368421, 0.9078947368421053, 0.8197368421052632, 0.8799342105263158, 0.9266447368421052, 0.9049342105263158]
2022-01-26 10:00:09:INFO:Loss = [0.2929353645424846, 0.3015210054834729, 0.38803087129532576, 0.24281125933664857, 0.252752164293174, 0.3287928836065188, 0.4553728061917737, 0.4838922208506885, 0.20180421934406026, 0.42810542529246287]
2022-01-26 10:00:09:INFO:-------------Training local models-------------
2022-01-26 10:07:45:INFO:-------------Aggregating local models-------------
2022-01-26 10:07:47:INFO:-------------Round number: 35-------------
2022-01-26 10:07:47:INFO:-------------Sending models-------------
2022-01-26 10:07:48:INFO:-------------Evaluating models-------------
2022-01-26 10:07:48:INFO:Average Global Accuracy and Loss for Each Task:
2022-01-26 10:07:48:INFO:Accuracy = [0.9108552631578948, 0.925, 0.9042763157894737, 0.9263157894736842, 0.9016447368421052, 0.9082236842105263, 0.8200657894736842, 0.8802631578947369, 0.9266447368421052, 0.9049342105263158]
2022-01-26 10:07:48:INFO:Loss = [0.2937291765441076, 0.3024395843690639, 0.3873886560346651, 0.24275766626593204, 0.2518294744279142, 0.3285546163914133, 0.4555129627874282, 0.48290133405326313, 0.20127308634025548, 0.4293947012465651]
2022-01-26 10:07:48:INFO:-------------Training local models-------------
2022-01-26 10:15:25:INFO:-------------Aggregating local models-------------
2022-01-26 10:15:27:INFO:-------------Round number: 36-------------
2022-01-26 10:15:27:INFO:-------------Sending models-------------
2022-01-26 10:15:27:INFO:-------------Evaluating models-------------
2022-01-26 10:15:28:INFO:Average Global Accuracy and Loss for Each Task:
2022-01-26 10:15:28:INFO:Accuracy = [0.9121710526315789, 0.9253289473684211, 0.9039473684210526, 0.9256578947368421, 0.9029605263157895, 0.9085526315789474, 0.8200657894736842, 0.8805921052631579, 0.9273026315789473, 0.9046052631578947]
2022-01-26 10:15:28:INFO:Loss = [0.29448482072788656, 0.3032931976785173, 0.38673314383853913, 0.24278351802685824, 0.25092757278592837, 0.3283220942047544, 0.4555328415745431, 0.4818783987779362, 0.20078588064614833, 0.430583097677491]
2022-01-26 10:15:28:INFO:-------------Training local models-------------
2022-01-26 10:23:04:INFO:-------------Aggregating local models-------------
2022-01-26 10:23:06:INFO:-------------Round number: 37-------------
2022-01-26 10:23:06:INFO:-------------Sending models-------------
2022-01-26 10:23:07:INFO:-------------Evaluating models-------------
2022-01-26 10:23:07:INFO:Average Global Accuracy and Loss for Each Task:
2022-01-26 10:23:07:INFO:Accuracy = [0.9118421052631579, 0.9256578947368421, 0.9046052631578947, 0.9253289473684211, 0.9032894736842105, 0.9095394736842105, 0.8200657894736842, 0.8809210526315789, 0.9273026315789473, 0.9046052631578947]
2022-01-26 10:23:07:INFO:Loss = [0.2949415698756543, 0.30411414719128516, 0.3860614583790218, 0.24286975532102492, 0.25006631672189733, 0.3279849080713814, 0.4555305517912386, 0.4808329524632044, 0.2003401968780676, 0.43178181805256155]
2022-01-26 10:23:07:INFO:-------------Training local models-------------
2022-01-26 10:30:44:INFO:-------------Aggregating local models-------------
2022-01-26 10:30:46:INFO:-------------Round number: 38-------------
2022-01-26 10:30:46:INFO:-------------Sending models-------------
2022-01-26 10:30:46:INFO:-------------Evaluating models-------------
2022-01-26 10:30:46:INFO:Average Global Accuracy and Loss for Each Task:
2022-01-26 10:30:46:INFO:Accuracy = [0.9125, 0.9253289473684211, 0.9052631578947369, 0.9266447368421052, 0.9032894736842105, 0.9101973684210526, 0.8194078947368421, 0.88125, 0.9273026315789473, 0.9049342105263158]
2022-01-26 10:30:46:INFO:Loss = [0.2956040597379175, 0.3048875642206392, 0.3854300653200832, 0.2429679931943419, 0.24929133160510805, 0.3277912229701829, 0.4555369167285933, 0.4798742811535225, 0.19993336848461982, 0.43301173450986663]
2022-01-26 10:30:46:INFO:-------------Training local models-------------
2022-01-26 10:38:23:INFO:-------------Aggregating local models-------------
2022-01-26 10:38:25:INFO:-------------Round number: 39-------------
2022-01-26 10:38:25:INFO:-------------Sending models-------------
2022-01-26 10:38:26:INFO:-------------Evaluating models-------------
2022-01-26 10:38:26:INFO:Average Global Accuracy and Loss for Each Task:
2022-01-26 10:38:26:INFO:Accuracy = [0.9125, 0.9253289473684211, 0.9052631578947369, 0.9273026315789473, 0.9032894736842105, 0.9105263157894737, 0.8194078947368421, 0.8819078947368421, 0.9269736842105263, 0.9049342105263158]
2022-01-26 10:38:26:INFO:Loss = [0.2961802084605312, 0.3056422805936898, 0.38479733279305756, 0.243120892877414, 0.2485810087231776, 0.32757853299704276, 0.4553736409982919, 0.4789188085171765, 0.19956294446293263, 0.43404226952914443]
2022-01-26 10:38:26:INFO:-------------Training local models-------------
2022-01-26 10:46:02:INFO:-------------Aggregating local models-------------
